  hpdf_3dmeasure.c
  hpdf_annotation.c
  hpdf_array.c
  hpdf_binary.c
  hpdf_boolean.c
  hpdf_catalog.c
  hpdf_destination.c
  hpdf_dict.c
  hpdf_doc.c
  hpdf_doc_png.c
  hpdf_encoder.c
C:\Users\ja053157\■Workspace\Dev\libharu_Mixed_Mode_Debugging\libharu_dll\libharu\src\hpdf_encoder.c(2766,1): warning C4244: '初期化中': 'HPDF_UINT16' から 'HPDF_BYTE' への変換です。データが失われる可能性があります。
  hpdf_encoder_cns.c
  hpdf_encoder_cnt.c
  hpdf_encoder_jp.c
  hpdf_encoder_kr.c
  hpdf_encoder_utf.c
C:\Users\ja053157\■Workspace\Dev\libharu_Mixed_Mode_Debugging\libharu_dll\libharu\src\hpdf_encoder_utf.c(202,25): warning C4244: '=': '__int64' から 'HPDF_UINT' への変換です。データが失われる可能性があります。
  hpdf_encrypt.c
  hpdf_encryptdict.c
  hpdf_error.c
  hpdf_exdata.c
  コードを生成中...
  コンパイル中...
  hpdf_ext_gstate.c
  hpdf_font.c
  hpdf_fontdef.c
  hpdf_fontdef_base14.c
  hpdf_fontdef_cid.c
  hpdf_fontdef_cns.c
  hpdf_fontdef_cnt.c
  hpdf_fontdef_jp.c
  hpdf_fontdef_kr.c
  hpdf_fontdef_tt.c
  hpdf_fontdef_type1.c
C:\Users\ja053157\■Workspace\Dev\libharu_Mixed_Mode_Debugging\libharu_dll\libharu\src\hpdf_fontdef_type1.c(338,73): warning C4244: '=': '__int64' から 'HPDF_UINT' への変換です。データが失われる可能性があります。
C:\Users\ja053157\■Workspace\Dev\libharu_Mixed_Mode_Debugging\libharu_dll\libharu\src\hpdf_fontdef_type1.c(347,51): warning C4244: '=': '__int64' から 'HPDF_UINT' への変換です。データが失われる可能性があります。
  hpdf_font_cid.c
  hpdf_font_tt.c
  hpdf_font_type1.c
  hpdf_gstate.c
  hpdf_image.c
  hpdf_image_ccitt.c
C:\Users\ja053157\■Workspace\Dev\libharu_Mixed_Mode_Debugging\libharu_dll\libharu\src\hpdf_image_ccitt.c(428,11): warning C4311: '型キャスト': ポインターを 'unsigned char *' から 'unsigned long' へ切り詰めます。
C:\Users\ja053157\■Workspace\Dev\libharu_Mixed_Mode_Debugging\libharu_dll\libharu\src\hpdf_image_ccitt.c(487,11): warning C4311: '型キャスト': ポインターを 'unsigned char *' から 'unsigned long' へ切り詰めます。
  hpdf_image_png.c
C:\Users\ja053157\■Workspace\Dev\libharu_Mixed_Mode_Debugging\libharu_dll\libharu\src\hpdf_image_png.c(112,1): warning C4267: '初期化中': 'size_t' から 'png_uint_32' に変換しました。データが失われているかもしれません。
C:\Users\ja053157\■Workspace\Dev\libharu_Mixed_Mode_Debugging\libharu_dll\libharu\src\hpdf_image_png.c(155,1): warning C4267: '初期化中': 'size_t' から 'png_uint_32' に変換しました。データが失われているかもしれません。
C:\Users\ja053157\■Workspace\Dev\libharu_Mixed_Mode_Debugging\libharu_dll\libharu\src\hpdf_image_png.c(195,1): warning C4267: '初期化中': 'size_t' から 'png_uint_32' に変換しました。データが失われているかもしれません。
C:\Users\ja053157\■Workspace\Dev\libharu_Mixed_Mode_Debugging\libharu_dll\libharu\src\hpdf_image_png.c(259,1): warning C4267: '初期化中': 'size_t' から 'png_uint_32' に変換しました。データが失われているかもしれません。
C:\Users\ja053157\■Workspace\Dev\libharu_Mixed_Mode_Debugging\libharu_dll\libharu\src\hpdf_image_png.c(351,19): warning C4018: '<': signed と unsigned の数値を比較しようとしました。
  hpdf_info.c
  hpdf_list.c
  コードを生成中...
  コンパイル中...
  hpdf_mmgr.c
  hpdf_name.c
  hpdf_namedict.c
  hpdf_null.c
  hpdf_number.c
  hpdf_objects.c
  hpdf_outline.c
  hpdf_pages.c
  hpdf_page_label.c
  hpdf_page_operator.c
C:\Users\ja053157\■Workspace\Dev\libharu_Mixed_Mode_Debugging\libharu_dll\libharu\src\hpdf_page_operator.c(1158,79): warning C4244: '関数': 'HPDF_REAL' から 'HPDF_STATUS' への変換です。データが失われる可能性があります。
  hpdf_pdfa.c
  hpdf_real.c
  hpdf_streams.c
C:\Users\ja053157\■Workspace\Dev\libharu_Mixed_Mode_Debugging\libharu_dll\libharu\src\hpdf_streams.c(811,40): warning C4267: '=': 'size_t' から 'HPDF_UINT' に変換しました。データが失われているかもしれません。
C:\Users\ja053157\■Workspace\Dev\libharu_Mixed_Mode_Debugging\libharu_dll\libharu\src\hpdf_streams.c(978,40): warning C4267: '=': 'size_t' から 'HPDF_UINT' に変換しました。データが失われているかもしれません。
  hpdf_string.c
  hpdf_u3d.c
  hpdf_utils.c
  hpdf_xref.c
  コードを生成中...
  libharu_vs.cpp
C:\Users\ja053157\■Workspace\Dev\libharu_Mixed_Mode_Debugging\libharu_dll\libharu_vs.cpp(51,15): warning C4996: 'fopen': This function or variable may be unsafe. Consider using fopen_s instead. To disable deprecation, use _CRT_SECURE_NO_WARNINGS. See online help for details.
C:\Users\ja053157\■Workspace\Dev\libharu_Mixed_Mode_Debugging\libharu_dll\libharu_vs.cpp(62,5): warning C4996: 'strcpy': This function or variable may be unsafe. Consider using strcpy_s instead. To disable deprecation, use _CRT_SECURE_NO_WARNINGS. See online help for details.
C:\Users\ja053157\■Workspace\Dev\libharu_Mixed_Mode_Debugging\libharu_dll\libharu_vs.cpp(63,5): warning C4996: 'strcat': This function or variable may be unsafe. Consider using strcat_s instead. To disable deprecation, use _CRT_SECURE_NO_WARNINGS. See online help for details.
  libpng16.lib(png.obj) : MSIL .netmodule または /GL を伴ってコンパイルされたモジュールが見つかりました。/LTCG を使用して再開始してください。リンカーのパフォーマンスを向上させるためには、コマンドラインに /LTCG を追加してください。
LINK : warning LNK4075: /INCREMENTAL は /LTCG の指定によって無視されます。
     ライブラリ C:\Users\ja053157\■Workspace\Dev\libharu_Mixed_Mode_Debugging\x64\Debug\libhpdf.lib とオブジェクト C:\Users\ja053157\■Workspace\Dev\libharu_Mixed_Mode_Debugging\x64\Debug\libhpdf.exp を作成中
LINK : warning LNK4098: defaultlib 'LIBCMT' は他のライブラリの使用と競合しています。/NODEFAULTLIB:library を使用してください。
  コード生成しています。
C:\Users\ja053157\■Workspace\Dev\libharu\zlib-1.2.11\inflate.c(433): warning C5045: /Qspectre スイッチが
  C:\Users\ja053157\■Workspace\Dev\libharu\zlib-1.2.11\inflate.c(422) : 注: この行で比較を行ってインデックス 'copy' の範囲を確認します
  C:\Users\ja053157\■Workspace\Dev\libharu\zlib-1.2.11\inflate.c(433) : 注: この行に呼び出しを入力します に指定されている場合、コンパイラはメモリの読み込みに Spectre の軽減策を挿入します
C:\Users\ja053157\■Workspace\Dev\libharu\zlib-1.2.11\inflate.c(430): warning C5045: /Qspectre スイッチが
  C:\Users\ja053157\■Workspace\Dev\libharu\zlib-1.2.11\inflate.c(422) : 注: この行で比較を行ってインデックス 'copy' の範囲を確認します
  C:\Users\ja053157\■Workspace\Dev\libharu\zlib-1.2.11\inflate.c(430) : 注: この行に呼び出しを入力します に指定されている場合、コンパイラはメモリの読み込みに Spectre の軽減策を挿入します
C:\Users\ja053157\■Workspace\Dev\libharu\zlib-1.2.11\deflate.c(1375): warning C5045: /Qspectre スイッチが
  C:\Users\ja053157\■Workspace\Dev\libharu\zlib-1.2.11\deflate.c(1375) : 注: この行で比較を行ってインデックス 'best_len' の範囲を確認します
  C:\Users\ja053157\■Workspace\Dev\libharu\zlib-1.2.11\deflate.c(1375) : 注: この行に呼び出しを入力します に指定されている場合、コンパイラはメモリの読み込みに Spectre の軽減策を挿入します
C:\Users\ja053157\■Workspace\Dev\libharu\lpng1637\pngset.c(1357): warning C5045: /Qspectre スイッチが
  C:\Users\ja053157\■Workspace\Dev\libharu\lpng1637\pngset.c(1351) : 注: この行で比較を行ってインデックス 'count' の範囲を確認します
  C:\Users\ja053157\■Workspace\Dev\libharu\lpng1637\pngset.c(1357) : 注: この行に呼び出しを入力します に指定されている場合、コンパイラはメモリの読み込みに Spectre の軽減策を挿入します
C:\Users\ja053157\■Workspace\Dev\libharu\lpng1637\pngmem.c(95): warning C5045: /Qspectre スイッチが
  C:\Users\ja053157\■Workspace\Dev\libharu\lpng1637\pngmem.c(83) : 注: この行で比較を行ってインデックス 'size' の範囲を確認します
  C:\Users\ja053157\■Workspace\Dev\libharu\lpng1637\pngmem.c(95) : 注: この行に呼び出しを入力します に指定されている場合、コンパイラはメモリの読み込みに Spectre の軽減策を挿入します
C:\Users\ja053157\■Workspace\Dev\libharu\lpng1637\pngmem.c(91): warning C5045: /Qspectre スイッチが
  C:\Users\ja053157\■Workspace\Dev\libharu\lpng1637\pngmem.c(83) : 注: この行で比較を行ってインデックス 'size' の範囲を確認します
  C:\Users\ja053157\■Workspace\Dev\libharu\lpng1637\pngmem.c(91) : 注: この行に呼び出しを入力します に指定されている場合、コンパイラはメモリの読み込みに Spectre の軽減策を挿入します
C:\Users\ja053157\■Workspace\Dev\libharu\lpng1637\pngwutil.c(2240): warning C5045: /Qspectre スイッチが
  C:\Users\ja053157\■Workspace\Dev\libharu\lpng1637\pngwutil.c(2109) : 注: この行で比較を行ってインデックス 'pass' の範囲を確認します
  C:\Users\ja053157\■Workspace\Dev\libharu\lpng1637\pngwutil.c(2248) : 注: この行に呼び出しを入力します に指定されている場合、コンパイラはメモリの読み込みに Spectre の軽減策を挿入します
C:\Users\ja053157\■Workspace\Dev\libharu\lpng1637\pngwutil.c(235): warning C5045: /Qspectre スイッチが
  C:\Users\ja053157\■Workspace\Dev\libharu\lpng1637\pngwutil.c(211) : 注: この行で比較を行ってインデックス 'h' の範囲を確認します
  C:\Users\ja053157\■Workspace\Dev\libharu\lpng1637\pngwutil.c(235) : 注: この行に呼び出しを入力します に指定されている場合、コンパイラはメモリの読み込みに Spectre の軽減策を挿入します
C:\Users\ja053157\■Workspace\Dev\libharu\lpng1637\pngwutil.c(231): warning C5045: /Qspectre スイッチが
  C:\Users\ja053157\■Workspace\Dev\libharu\lpng1637\pngwutil.c(211) : 注: この行で比較を行ってインデックス 'h' の範囲を確認します
  C:\Users\ja053157\■Workspace\Dev\libharu\lpng1637\pngwutil.c(231) : 注: この行に呼び出しを入力します に指定されている場合、コンパイラはメモリの読み込みに Spectre の軽減策を挿入します
C:\Users\ja053157\■Workspace\Dev\libharu\lpng1637\pngwrite.c(1679): warning C5045: /Qspectre スイッチが
  C:\Users\ja053157\■Workspace\Dev\libharu\lpng1637\pngwrite.c(1661) : 注: この行で比較を行ってインデックス 'component' の範囲を確認します
  C:\Users\ja053157\■Workspace\Dev\libharu\lpng1637\pngwrite.c(1679) : 注: この行に呼び出しを入力します に指定されている場合、コンパイラはメモリの読み込みに Spectre の軽減策を挿入します
C:\Users\ja053157\■Workspace\Dev\libharu\lpng1637\png.c(4343): warning C5045: /Qspectre スイッチが
  C:\Users\ja053157\■Workspace\Dev\libharu\lpng1637\png.c(4334) : 注: この行で比較を行ってインデックス 'option' の範囲を確認します
  C:\Users\ja053157\■Workspace\Dev\libharu\lpng1637\png.c(4343) : 注: この行に呼び出しを入力します に指定されている場合、コンパイラはメモリの読み込みに Spectre の軽減策を挿入します
C:\Users\ja053157\■Workspace\Dev\libharu\lpng1637\png.c(3894): warning C5045: /Qspectre スイッチが
  C:\Users\ja053157\■Workspace\Dev\libharu\lpng1637\png.c(3866) : 注: この行で比較を行ってインデックス 'value' の範囲を確認します
  C:\Users\ja053157\■Workspace\Dev\libharu\lpng1637\png.c(3894) : 注: この行に呼び出しを入力します に指定されている場合、コンパイラはメモリの読み込みに Spectre の軽減策を挿入します
C:\Users\ja053157\■Workspace\Dev\libharu\lpng1637\png.c(3554): warning C5045: /Qspectre スイッチが
  C:\Users\ja053157\■Workspace\Dev\libharu\lpng1637\png.c(3553) : 注: この行で比較を行ってインデックス 'r' の範囲を確認します
  C:\Users\ja053157\■Workspace\Dev\libharu\lpng1637\png.c(3554) : 注: この行に呼び出しを入力します に指定されている場合、コンパイラはメモリの読み込みに Spectre の軽減策を挿入します
C:\Users\ja053157\■Workspace\Dev\libharu\lpng1637\png.c(3529): warning C5045: /Qspectre スイッチが
  C:\Users\ja053157\■Workspace\Dev\libharu\lpng1637\png.c(3528) : 注: この行で比較を行ってインデックス 'r' の範囲を確認します
  C:\Users\ja053157\■Workspace\Dev\libharu\lpng1637\png.c(3529) : 注: この行に呼び出しを入力します に指定されている場合、コンパイラはメモリの読み込みに Spectre の軽減策を挿入します
C:\Users\ja053157\■Workspace\Dev\libharu\lpng1637\png.c(3494): warning C5045: /Qspectre スイッチが
  C:\Users\ja053157\■Workspace\Dev\libharu\lpng1637\png.c(3493) : 注: この行で比較を行ってインデックス 'r' の範囲を確認します
  C:\Users\ja053157\■Workspace\Dev\libharu\lpng1637\png.c(3494) : 注: この行に呼び出しを入力します に指定されている場合、コンパイラはメモリの読み込みに Spectre の軽減策を挿入します
C:\Users\ja053157\■Workspace\Dev\libharu\lpng1637\png.c(90): warning C5045: /Qspectre スイッチが
  C:\Users\ja053157\■Workspace\Dev\libharu\lpng1637\png.c(84) : 注: この行で比較を行ってインデックス 'start' の範囲を確認します
  C:\Users\ja053157\■Workspace\Dev\libharu\lpng1637\png.c(90) : 注: この行に呼び出しを入力します に指定されている場合、コンパイラはメモリの読み込みに Spectre の軽減策を挿入します
C:\Users\ja053157\■Workspace\Dev\libharu\lpng1637\pngmem.c(115): warning C5045: /Qspectre スイッチが
  C:\Users\ja053157\■Workspace\Dev\libharu\lpng1637\pngmem.c(114) : 注: この行で比較を行ってインデックス 'req' の範囲を確認します
  C:\Users\ja053157\■Workspace\Dev\libharu\lpng1637\pngmem.c(115) : 注: この行に呼び出しを入力します に指定されている場合、コンパイラはメモリの読み込みに Spectre の軽減策を挿入します
C:\Users\ja053157\■Workspace\Dev\libharu\lpng1637\png.c(1584): warning C5045: /Qspectre スイッチが
  C:\Users\ja053157\■Workspace\Dev\libharu\lpng1637\png.c(1560) : 注: この行で比較を行ってインデックス '' の範囲を確認します
  C:\Users\ja053157\■Workspace\Dev\libharu\lpng1637\png.c(1584) : 注: この行に呼び出しを入力します に指定されている場合、コンパイラはメモリの読み込みに Spectre の軽減策を挿入します
C:\Users\ja053157\■Workspace\Dev\libharu\lpng1637\png.c(1582): warning C5045: /Qspectre スイッチが
  C:\Users\ja053157\■Workspace\Dev\libharu\lpng1637\png.c(1560) : 注: この行で比較を行ってインデックス '' の範囲を確認します
  C:\Users\ja053157\■Workspace\Dev\libharu\lpng1637\png.c(1582) : 注: この行に呼び出しを入力します に指定されている場合、コンパイラはメモリの読み込みに Spectre の軽減策を挿入します
C:\Users\ja053157\■Workspace\Dev\libharu\lpng1637\png.c(1580): warning C5045: /Qspectre スイッチが
  C:\Users\ja053157\■Workspace\Dev\libharu\lpng1637\png.c(1560) : 注: この行で比較を行ってインデックス '' の範囲を確認します
  C:\Users\ja053157\■Workspace\Dev\libharu\lpng1637\png.c(1580) : 注: この行に呼び出しを入力します に指定されている場合、コンパイラはメモリの読み込みに Spectre の軽減策を挿入します
C:\Users\ja053157\■Workspace\Dev\libharu\lpng1637\png.c(1577): warning C5045: /Qspectre スイッチが
  C:\Users\ja053157\■Workspace\Dev\libharu\lpng1637\png.c(1560) : 注: この行で比較を行ってインデックス '' の範囲を確認します
  C:\Users\ja053157\■Workspace\Dev\libharu\lpng1637\png.c(1577) : 注: この行に呼び出しを入力します に指定されている場合、コンパイラはメモリの読み込みに Spectre の軽減策を挿入します
C:\Users\ja053157\■Workspace\Dev\libharu\lpng1637\png.c(1575): warning C5045: /Qspectre スイッチが
  C:\Users\ja053157\■Workspace\Dev\libharu\lpng1637\png.c(1560) : 注: この行で比較を行ってインデックス '' の範囲を確認します
  C:\Users\ja053157\■Workspace\Dev\libharu\lpng1637\png.c(1575) : 注: この行に呼び出しを入力します に指定されている場合、コンパイラはメモリの読み込みに Spectre の軽減策を挿入します
C:\Users\ja053157\■Workspace\Dev\libharu\lpng1637\png.c(1573): warning C5045: /Qspectre スイッチが
  C:\Users\ja053157\■Workspace\Dev\libharu\lpng1637\png.c(1560) : 注: この行で比較を行ってインデックス '' の範囲を確認します
  C:\Users\ja053157\■Workspace\Dev\libharu\lpng1637\png.c(1573) : 注: この行に呼び出しを入力します に指定されている場合、コンパイラはメモリの読み込みに Spectre の軽減策を挿入します
C:\Users\ja053157\■Workspace\Dev\libharu\lpng1637\png.c(1570): warning C5045: /Qspectre スイッチが
  C:\Users\ja053157\■Workspace\Dev\libharu\lpng1637\png.c(1560) : 注: この行で比較を行ってインデックス '' の範囲を確認します
  C:\Users\ja053157\■Workspace\Dev\libharu\lpng1637\png.c(1570) : 注: この行に呼び出しを入力します に指定されている場合、コンパイラはメモリの読み込みに Spectre の軽減策を挿入します
C:\Users\ja053157\■Workspace\Dev\libharu\lpng1637\png.c(1568): warning C5045: /Qspectre スイッチが
  C:\Users\ja053157\■Workspace\Dev\libharu\lpng1637\png.c(1560) : 注: この行で比較を行ってインデックス '' の範囲を確認します
  C:\Users\ja053157\■Workspace\Dev\libharu\lpng1637\png.c(1568) : 注: この行に呼び出しを入力します に指定されている場合、コンパイラはメモリの読み込みに Spectre の軽減策を挿入します
C:\Users\ja053157\■Workspace\Dev\libharu\lpng1637\png.c(1566): warning C5045: /Qspectre スイッチが
  C:\Users\ja053157\■Workspace\Dev\libharu\lpng1637\png.c(1560) : 注: この行で比較を行ってインデックス '' の範囲を確認します
  C:\Users\ja053157\■Workspace\Dev\libharu\lpng1637\png.c(1566) : 注: この行に呼び出しを入力します に指定されている場合、コンパイラはメモリの読み込みに Spectre の軽減策を挿入します
C:\Users\ja053157\■Workspace\Dev\libharu\lpng1637\png.c(1535): warning C5045: /Qspectre スイッチが
  C:\Users\ja053157\■Workspace\Dev\libharu\lpng1637\png.c(1509) : 注: この行で比較を行ってインデックス 'blue_scale' の範囲を確認します
  C:\Users\ja053157\■Workspace\Dev\libharu\lpng1637\png.c(1535) : 注: この行に呼び出しを入力します に指定されている場合、コンパイラはメモリの読み込みに Spectre の軽減策を挿入します
C:\Users\ja053157\■Workspace\Dev\libharu\lpng1637\png.c(1532): warning C5045: /Qspectre スイッチが
  C:\Users\ja053157\■Workspace\Dev\libharu\lpng1637\png.c(1509) : 注: この行で比較を行ってインデックス 'blue_scale' の範囲を確認します
  C:\Users\ja053157\■Workspace\Dev\libharu\lpng1637\png.c(1532) : 注: この行に呼び出しを入力します に指定されている場合、コンパイラはメモリの読み込みに Spectre の軽減策を挿入します
C:\Users\ja053157\■Workspace\Dev\libharu\lpng1637\png.c(1530): warning C5045: /Qspectre スイッチが
  C:\Users\ja053157\■Workspace\Dev\libharu\lpng1637\png.c(1509) : 注: この行で比較を行ってインデックス 'blue_scale' の範囲を確認します
  C:\Users\ja053157\■Workspace\Dev\libharu\lpng1637\png.c(1530) : 注: この行に呼び出しを入力します に指定されている場合、コンパイラはメモリの読み込みに Spectre の軽減策を挿入します
C:\Users\ja053157\■Workspace\Dev\libharu\lpng1637\pngget.c(341): warning C5045: /Qspectre スイッチが
  C:\Users\ja053157\■Workspace\Dev\libharu\lpng1637\pngget.c(339) : 注: この行で比較を行ってインデックス 'ppm' の範囲を確認します
  C:\Users\ja053157\■Workspace\Dev\libharu\lpng1637\pngget.c(341) : 注: この行に呼び出しを入力します に指定されている場合、コンパイラはメモリの読み込みに Spectre の軽減策を挿入します
C:\Users\ja053157\■Workspace\Dev\libharu\zlib-1.2.11\deflate.c(1754): warning C5045: /Qspectre スイッチが
  C:\Users\ja053157\■Workspace\Dev\libharu\zlib-1.2.11\deflate.c(1741) : 注: この行で比較を行ってインデックス 'used' の範囲を確認します
  C:\Users\ja053157\■Workspace\Dev\libharu\zlib-1.2.11\deflate.c(1754) : 注: この行に呼び出しを入力します に指定されている場合、コンパイラはメモリの読み込みに Spectre の軽減策を挿入します
C:\Users\ja053157\■Workspace\Dev\libharu\zlib-1.2.11\deflate.c(1512): warning C5045: /Qspectre スイッチが
  C:\Users\ja053157\■Workspace\Dev\libharu\zlib-1.2.11\deflate.c(1510) : 注: この行で比較を行ってインデックス '' の範囲を確認します
  C:\Users\ja053157\■Workspace\Dev\libharu\zlib-1.2.11\deflate.c(1512) : 注: この行に呼び出しを入力します に指定されている場合、コンパイラはメモリの読み込みに Spectre の軽減策を挿入します
C:\Users\ja053157\■Workspace\Dev\libharu\zlib-1.2.11\trees.c(971): warning C5045: /Qspectre スイッチが
  C:\Users\ja053157\■Workspace\Dev\libharu\zlib-1.2.11\trees.c(962) : 注: この行で比較を行ってインデックス '' の範囲を確認します
  C:\Users\ja053157\■Workspace\Dev\libharu\zlib-1.2.11\trees.c(971) : 注: この行に呼び出しを入力します に指定されている場合、コンパイラはメモリの読み込みに Spectre の軽減策を挿入します
C:\Users\ja053157\■Workspace\Dev\libharu\lpng1637\pngrutil.c(46): warning C5045: /Qspectre スイッチが
  C:\Users\ja053157\■Workspace\Dev\libharu\lpng1637\pngrutil.c(45) : 注: この行で比較を行ってインデックス 'uval' の範囲を確認します
  C:\Users\ja053157\■Workspace\Dev\libharu\lpng1637\pngrutil.c(46) : 注: この行に呼び出しを入力します に指定されている場合、コンパイラはメモリの読み込みに Spectre の軽減策を挿入します
C:\Users\ja053157\■Workspace\Dev\libharu\lpng1637\pngrutil.c(29): warning C5045: /Qspectre スイッチが
  C:\Users\ja053157\■Workspace\Dev\libharu\lpng1637\pngrutil.c(26) : 注: この行で比較を行ってインデックス 'uval' の範囲を確認します
  C:\Users\ja053157\■Workspace\Dev\libharu\lpng1637\pngrutil.c(29) : 注: この行に呼び出しを入力します に指定されている場合、コンパイラはメモリの読み込みに Spectre の軽減策を挿入します
C:\Users\ja053157\■Workspace\Dev\libharu\lpng1637\png.c(2942): warning C5045: /Qspectre スイッチが
  C:\Users\ja053157\■Workspace\Dev\libharu\lpng1637\png.c(2928) : 注: この行で比較を行ってインデックス 'fp$GSCopy' の範囲を確認します
  C:\Users\ja053157\■Workspace\Dev\libharu\lpng1637\png.c(2942) : 注: この行に呼び出しを入力します に指定されている場合、コンパイラはメモリの読み込みに Spectre の軽減策を挿入します
C:\Users\ja053157\■Workspace\Dev\libharu\lpng1637\pngmem.c(159): warning C5045: /Qspectre スイッチが
  C:\Users\ja053157\■Workspace\Dev\libharu\lpng1637\pngmem.c(143) : 注: この行で比較を行ってインデックス 'add_elements' の範囲を確認します
  C:\Users\ja053157\■Workspace\Dev\libharu\lpng1637\pngmem.c(159) : 注: この行に呼び出しを入力します に指定されている場合、コンパイラはメモリの読み込みに Spectre の軽減策を挿入します
C:\Users\ja053157\■Workspace\Dev\libharu\lpng1637\pngmem.c(128): warning C5045: /Qspectre スイッチが
  C:\Users\ja053157\■Workspace\Dev\libharu\lpng1637\pngmem.c(125) : 注: この行で比較を行ってインデックス 'nelements' の範囲を確認します
  C:\Users\ja053157\■Workspace\Dev\libharu\lpng1637\pngmem.c(128) : 注: この行に呼び出しを入力します に指定されている場合、コンパイラはメモリの読み込みに Spectre の軽減策を挿入します
C:\Users\ja053157\■Workspace\Dev\libharu\zlib-1.2.11\deflate.c(2102): warning C5045: /Qspectre スイッチが
  C:\Users\ja053157\■Workspace\Dev\libharu\zlib-1.2.11\deflate.c(2102) : 注: この行で比較を行ってインデックス 'dist' の範囲を確認します
  C:\Users\ja053157\■Workspace\Dev\libharu\zlib-1.2.11\deflate.c(2102) : 注: この行にメモリの読み込みを入力します に指定されている場合、コンパイラはメモリの読み込みに Spectre の軽減策を挿入します
C:\Users\ja053157\■Workspace\Dev\libharu\zlib-1.2.11\deflate.c(1992): warning C5045: /Qspectre スイッチが
  C:\Users\ja053157\■Workspace\Dev\libharu\zlib-1.2.11\deflate.c(1992) : 注: この行で比較を行ってインデックス 'dist' の範囲を確認します
  C:\Users\ja053157\■Workspace\Dev\libharu\zlib-1.2.11\deflate.c(1992) : 注: この行にメモリの読み込みを入力します に指定されている場合、コンパイラはメモリの読み込みに Spectre の軽減策を挿入します
C:\Users\ja053157\■Workspace\Dev\libharu\zlib-1.2.11\deflate.c(1967): warning C5045: /Qspectre スイッチが
  C:\Users\ja053157\■Workspace\Dev\libharu\zlib-1.2.11\deflate.c(1961) : 注: この行で比較を行ってインデックス '' の範囲を確認します
  C:\Users\ja053157\■Workspace\Dev\libharu\zlib-1.2.11\deflate.c(1967) : 注: この行に呼び出しを入力します に指定されている場合、コンパイラはメモリの読み込みに Spectre の軽減策を挿入します
C:\Users\ja053157\■Workspace\Dev\libharu\zlib-1.2.11\deflate.c(1867): warning C5045: /Qspectre スイッチが
  C:\Users\ja053157\■Workspace\Dev\libharu\zlib-1.2.11\deflate.c(1867) : 注: この行で比較を行ってインデックス 'dist' の範囲を確認します
  C:\Users\ja053157\■Workspace\Dev\libharu\zlib-1.2.11\deflate.c(1867) : 注: この行にメモリの読み込みを入力します に指定されている場合、コンパイラはメモリの読み込みに Spectre の軽減策を挿入します
C:\Users\ja053157\■Workspace\Dev\libharu\zlib-1.2.11\deflate.c(1861): warning C5045: /Qspectre スイッチが
  C:\Users\ja053157\■Workspace\Dev\libharu\zlib-1.2.11\deflate.c(1856) : 注: この行で比較を行ってインデックス '' の範囲を確認します
  C:\Users\ja053157\■Workspace\Dev\libharu\zlib-1.2.11\deflate.c(1861) : 注: この行に呼び出しを入力します に指定されている場合、コンパイラはメモリの読み込みに Spectre の軽減策を挿入します
C:\Users\ja053157\■Workspace\Dev\libharu\lpng1637\pngerror.c(622): warning C5045: /Qspectre スイッチが
  C:\Users\ja053157\■Workspace\Dev\libharu\lpng1637\pngerror.c(617) : 注: この行で比較を行ってインデックス 'jmp_buf_size' の範囲を確認します
  C:\Users\ja053157\■Workspace\Dev\libharu\lpng1637\pngerror.c(622) : 注: この行に呼び出しを入力します に指定されている場合、コンパイラはメモリの読み込みに Spectre の軽減策を挿入します
C:\Users\ja053157\■Workspace\Dev\libharu\lpng1637\png.c(113): warning C5045: /Qspectre スイッチが
  C:\Users\ja053157\■Workspace\Dev\libharu\lpng1637\png.c(105) : 注: この行で比較を行ってインデックス '' の範囲を確認します
  C:\Users\ja053157\■Workspace\Dev\libharu\lpng1637\png.c(113) : 注: この行に呼び出しを入力します に指定されている場合、コンパイラはメモリの読み込みに Spectre の軽減策を挿入します
C:\Users\ja053157\■Workspace\Dev\libharu\lpng1637\pngwio.c(37): warning C5045: /Qspectre スイッチが
  C:\Users\ja053157\■Workspace\Dev\libharu\lpng1637\pngwutil.c(133) : 注: この行で比較を行ってインデックス 'length' の範囲を確認します
  C:\Users\ja053157\■Workspace\Dev\libharu\lpng1637\pngwio.c(37) : 注: この行に呼び出しを入力します に指定されている場合、コンパイラはメモリの読み込みに Spectre の軽減策を挿入します
C:\Users\ja053157\■Workspace\Dev\libharu\lpng1637\pngrtran.c(280): warning C5045: /Qspectre スイッチが
  C:\Users\ja053157\■Workspace\Dev\libharu\lpng1637\pngrtran.c(277) : 注: この行で比較を行ってインデックス 'output_gamma' の範囲を確認します
  C:\Users\ja053157\■Workspace\Dev\libharu\lpng1637\pngrtran.c(280) : 注: この行に呼び出しを入力します に指定されている場合、コンパイラはメモリの読み込みに Spectre の軽減策を挿入します
C:\Users\ja053157\■Workspace\Dev\libharu\lpng1637\png.c(3327): warning C5045: /Qspectre スイッチが
  C:\Users\ja053157\■Workspace\Dev\libharu\lpng1637\png.c(3320) : 注: この行で比較を行ってインデックス 'r' の範囲を確認します
  C:\Users\ja053157\■Workspace\Dev\libharu\lpng1637\png.c(3327) : 注: この行に呼び出しを入力します に指定されている場合、コンパイラはメモリの読み込みに Spectre の軽減策を挿入します
C:\Users\ja053157\■Workspace\Dev\libharu\lpng1637\pngrutil.c(142): warning C5045: /Qspectre スイッチが
  C:\Users\ja053157\■Workspace\Dev\libharu\lpng1637\pngrutil.c(142) : 注: この行で比較を行ってインデックス 'num_checked' の範囲を確認します
  C:\Users\ja053157\■Workspace\Dev\libharu\lpng1637\pngrutil.c(142) : 注: この行に呼び出しを入力します に指定されている場合、コンパイラはメモリの読み込みに Spectre の軽減策を挿入します
C:\Users\ja053157\■Workspace\Dev\libharu\lpng1637\pngmem.c(95): warning C5045: /Qspectre スイッチが
  C:\Users\ja053157\■Workspace\Dev\libharu\lpng1637\pngmem.c(83) : 注: この行で比較を行ってインデックス 'new_size' の範囲を確認します
  C:\Users\ja053157\■Workspace\Dev\libharu\lpng1637\pngmem.c(95) : 注: この行に呼び出しを入力します に指定されている場合、コンパイラはメモリの読み込みに Spectre の軽減策を挿入します
C:\Users\ja053157\■Workspace\Dev\libharu\lpng1637\pngmem.c(91): warning C5045: /Qspectre スイッチが
  C:\Users\ja053157\■Workspace\Dev\libharu\lpng1637\pngmem.c(83) : 注: この行で比較を行ってインデックス 'new_size' の範囲を確認します
  C:\Users\ja053157\■Workspace\Dev\libharu\lpng1637\pngmem.c(91) : 注: この行に呼び出しを入力します に指定されている場合、コンパイラはメモリの読み込みに Spectre の軽減策を挿入します
C:\Users\ja053157\■Workspace\Dev\libharu\lpng1637\pngmem.c(252): warning C5045: /Qspectre スイッチが
  C:\Users\ja053157\■Workspace\Dev\libharu\lpng1637\pngset.c(1448) : 注: この行で比較を行ってインデックス '' の範囲を確認します
  C:\Users\ja053157\■Workspace\Dev\libharu\lpng1637\pngmem.c(252) : 注: この行に呼び出しを入力します に指定されている場合、コンパイラはメモリの読み込みに Spectre の軽減策を挿入します
C:\Users\ja053157\■Workspace\Dev\libharu\lpng1637\pngmem.c(239): warning C5045: /Qspectre スイッチが
  C:\Users\ja053157\■Workspace\Dev\libharu\lpng1637\pngset.c(1448) : 注: この行で比較を行ってインデックス '' の範囲を確認します
  C:\Users\ja053157\■Workspace\Dev\libharu\lpng1637\pngmem.c(239) : 注: この行に呼び出しを入力します に指定されている場合、コンパイラはメモリの読み込みに Spectre の軽減策を挿入します
C:\Users\ja053157\■Workspace\Dev\libharu\lpng1637\pngmem.c(95): warning C5045: /Qspectre スイッチが
  C:\Users\ja053157\■Workspace\Dev\libharu\lpng1637\pngmem.c(83) : 注: この行で比較を行ってインデックス 'buf_size' の範囲を確認します
  C:\Users\ja053157\■Workspace\Dev\libharu\lpng1637\pngmem.c(95) : 注: この行に呼び出しを入力します に指定されている場合、コンパイラはメモリの読み込みに Spectre の軽減策を挿入します
C:\Users\ja053157\■Workspace\Dev\libharu\lpng1637\pngmem.c(91): warning C5045: /Qspectre スイッチが
  C:\Users\ja053157\■Workspace\Dev\libharu\lpng1637\pngmem.c(83) : 注: この行で比較を行ってインデックス 'buf_size' の範囲を確認します
  C:\Users\ja053157\■Workspace\Dev\libharu\lpng1637\pngmem.c(91) : 注: この行に呼び出しを入力します に指定されている場合、コンパイラはメモリの読み込みに Spectre の軽減策を挿入します
C:\Users\ja053157\■Workspace\Dev\libharu\lpng1637\pngset.c(546): warning C5045: /Qspectre スイッチが
  C:\Users\ja053157\■Workspace\Dev\libharu\lpng1637\pngset.c(536) : 注: この行で比較を行ってインデックス 'height' の範囲を確認します
  C:\Users\ja053157\■Workspace\Dev\libharu\lpng1637\pngset.c(546) : 注: この行に呼び出しを入力します に指定されている場合、コンパイラはメモリの読み込みに Spectre の軽減策を挿入します
C:\Users\ja053157\■Workspace\Dev\libharu\lpng1637\pngset.c(517): warning C5045: /Qspectre スイッチが
  C:\Users\ja053157\■Workspace\Dev\libharu\lpng1637\pngset.c(506) : 注: この行で比較を行ってインデックス 'height' の範囲を確認します
  C:\Users\ja053157\■Workspace\Dev\libharu\lpng1637\pngset.c(517) : 注: この行に呼び出しを入力します に指定されている場合、コンパイラはメモリの読み込みに Spectre の軽減策を挿入します
C:\Users\ja053157\■Workspace\Dev\libharu\zlib-1.2.11\deflate.c(1000): warning C5045: /Qspectre スイッチが
  C:\Users\ja053157\■Workspace\Dev\libharu\zlib-1.2.11\deflate.c(770) : 注: この行で比較を行ってインデックス 'flush' の範囲を確認します
  C:\Users\ja053157\■Workspace\Dev\libharu\zlib-1.2.11\deflate.c(1000) : 注: この行に呼び出しを入力します に指定されている場合、コンパイラはメモリの読み込みに Spectre の軽減策を挿入します
C:\Users\ja053157\■Workspace\Dev\libharu\zlib-1.2.11\crc32.c(222): warning C5045: /Qspectre スイッチが
  C:\Users\ja053157\■Workspace\Dev\libharu\zlib-1.2.11\deflate.c(966) : 注: この行で比較を行ってインデックス 'beg' の範囲を確認します
  C:\Users\ja053157\■Workspace\Dev\libharu\zlib-1.2.11\crc32.c(222) : 注: この行に呼び出しを入力します に指定されている場合、コンパイラはメモリの読み込みに Spectre の軽減策を挿入します
C:\Users\ja053157\■Workspace\Dev\libharu\zlib-1.2.11\crc32.c(220): warning C5045: /Qspectre スイッチが
  C:\Users\ja053157\■Workspace\Dev\libharu\zlib-1.2.11\deflate.c(966) : 注: この行で比較を行ってインデックス 'beg' の範囲を確認します
  C:\Users\ja053157\■Workspace\Dev\libharu\zlib-1.2.11\crc32.c(220) : 注: この行に呼び出しを入力します に指定されている場合、コンパイラはメモリの読み込みに Spectre の軽減策を挿入します
C:\Users\ja053157\■Workspace\Dev\libharu\zlib-1.2.11\crc32.c(222): warning C5045: /Qspectre スイッチが
  C:\Users\ja053157\■Workspace\Dev\libharu\zlib-1.2.11\deflate.c(944) : 注: この行で比較を行ってインデックス 'beg' の範囲を確認します
  C:\Users\ja053157\■Workspace\Dev\libharu\zlib-1.2.11\crc32.c(222) : 注: この行に呼び出しを入力します に指定されている場合、コンパイラはメモリの読み込みに Spectre の軽減策を挿入します
C:\Users\ja053157\■Workspace\Dev\libharu\zlib-1.2.11\crc32.c(220): warning C5045: /Qspectre スイッチが
  C:\Users\ja053157\■Workspace\Dev\libharu\zlib-1.2.11\deflate.c(944) : 注: この行で比較を行ってインデックス 'beg' の範囲を確認します
  C:\Users\ja053157\■Workspace\Dev\libharu\zlib-1.2.11\crc32.c(220) : 注: この行に呼び出しを入力します に指定されている場合、コンパイラはメモリの読み込みに Spectre の軽減策を挿入します
C:\Users\ja053157\■Workspace\Dev\libharu\zlib-1.2.11\crc32.c(222): warning C5045: /Qspectre スイッチが
  C:\Users\ja053157\■Workspace\Dev\libharu\zlib-1.2.11\deflate.c(922) : 注: この行で比較を行ってインデックス 'beg' の範囲を確認します
  C:\Users\ja053157\■Workspace\Dev\libharu\zlib-1.2.11\crc32.c(222) : 注: この行に呼び出しを入力します に指定されている場合、コンパイラはメモリの読み込みに Spectre の軽減策を挿入します
C:\Users\ja053157\■Workspace\Dev\libharu\zlib-1.2.11\crc32.c(220): warning C5045: /Qspectre スイッチが
  C:\Users\ja053157\■Workspace\Dev\libharu\zlib-1.2.11\deflate.c(922) : 注: この行で比較を行ってインデックス 'beg' の範囲を確認します
  C:\Users\ja053157\■Workspace\Dev\libharu\zlib-1.2.11\crc32.c(220) : 注: この行に呼び出しを入力します に指定されている場合、コンパイラはメモリの読み込みに Spectre の軽減策を挿入します
C:\Users\ja053157\■Workspace\Dev\libharu\lpng1637\pngwio.c(41): warning C5045: /Qspectre スイッチが
  C:\Users\ja053157\■Workspace\Dev\libharu\lpng1637\pngwutil.c(1549) : 注: この行で比較を行ってインデックス '' の範囲を確認します
  C:\Users\ja053157\■Workspace\Dev\libharu\lpng1637\pngwio.c(41) : 注: この行に呼び出しを入力します に指定されている場合、コンパイラはメモリの読み込みに Spectre の軽減策を挿入します
C:\Users\ja053157\■Workspace\Dev\libharu\lpng1637\pngwio.c(37): warning C5045: /Qspectre スイッチが
  C:\Users\ja053157\■Workspace\Dev\libharu\lpng1637\pngwutil.c(1549) : 注: この行で比較を行ってインデックス '' の範囲を確認します
  C:\Users\ja053157\■Workspace\Dev\libharu\lpng1637\pngwio.c(37) : 注: この行に呼び出しを入力します に指定されている場合、コンパイラはメモリの読み込みに Spectre の軽減策を挿入します
C:\Users\ja053157\■Workspace\Dev\libharu\lpng1637\pngwutil.c(1564): warning C5045: /Qspectre スイッチが
  C:\Users\ja053157\■Workspace\Dev\libharu\lpng1637\pngwutil.c(1549) : 注: この行で比較を行ってインデックス '' の範囲を確認します
  C:\Users\ja053157\■Workspace\Dev\libharu\lpng1637\pngwutil.c(1564) : 注: この行に呼び出しを入力します に指定されている場合、コンパイラはメモリの読み込みに Spectre の軽減策を挿入します
C:\Users\ja053157\■Workspace\Dev\libharu\lpng1637\pngwio.c(41): warning C5045: /Qspectre スイッチが
  C:\Users\ja053157\■Workspace\Dev\libharu\lpng1637\pngwutil.c(133) : 注: この行で比較を行ってインデックス 'length' の範囲を確認します
  C:\Users\ja053157\■Workspace\Dev\libharu\lpng1637\pngwio.c(41) : 注: この行に呼び出しを入力します に指定されている場合、コンパイラはメモリの読み込みに Spectre の軽減策を挿入します
C:\Users\ja053157\■Workspace\Dev\libharu\lpng1637\png.c(163): warning C5045: /Qspectre スイッチが
  C:\Users\ja053157\■Workspace\Dev\libharu\lpng1637\pngwutil.c(133) : 注: この行で比較を行ってインデックス 'length' の範囲を確認します
  C:\Users\ja053157\■Workspace\Dev\libharu\zlib-1.2.11\crc32.c(222) : 注: この行に呼び出しを入力します に指定されている場合、コンパイラはメモリの読み込みに Spectre の軽減策を挿入します
C:\Users\ja053157\■Workspace\Dev\libharu\lpng1637\pngwutil.c(1553): warning C5045: /Qspectre スイッチが
  C:\Users\ja053157\■Workspace\Dev\libharu\lpng1637\pngwutil.c(1549) : 注: この行で比較を行ってインデックス '' の範囲を確認します
  C:\Users\ja053157\■Workspace\Dev\libharu\lpng1637\pngwutil.c(1553) : 注: この行に呼び出しを入力します に指定されている場合、コンパイラはメモリの読み込みに Spectre の軽減策を挿入します
C:\Users\ja053157\■Workspace\Dev\libharu\lpng1637\pngwutil.c(1550): warning C5045: /Qspectre スイッチが
  C:\Users\ja053157\■Workspace\Dev\libharu\lpng1637\pngwutil.c(1549) : 注: この行で比較を行ってインデックス '' の範囲を確認します
  C:\Users\ja053157\■Workspace\Dev\libharu\lpng1637\pngwutil.c(1550) : 注: この行に呼び出しを入力します に指定されている場合、コンパイラはメモリの読み込みに Spectre の軽減策を挿入します
C:\Users\ja053157\■Workspace\Dev\libharu\lpng1637\pngwutil.c(1515): warning C5045: /Qspectre スイッチが
  C:\Users\ja053157\■Workspace\Dev\libharu\lpng1637\pngwutil.c(1506) : 注: この行で比較を行ってインデックス 'num_hist' の範囲を確認します
  C:\Users\ja053157\■Workspace\Dev\libharu\lpng1637\pngwutil.c(1515) : 注: この行に呼び出しを入力します に指定されている場合、コンパイラはメモリの読み込みに Spectre の軽減策を挿入します
C:\Users\ja053157\■Workspace\Dev\libharu\lpng1637\pngwio.c(37): warning C5045: /Qspectre スイッチが
  C:\Users\ja053157\■Workspace\Dev\libharu\lpng1637\pngwutil.c(133) : 注: この行で比較を行ってインデックス 'entry_size' の範囲を確認します
  C:\Users\ja053157\■Workspace\Dev\libharu\lpng1637\pngwio.c(37) : 注: この行に呼び出しを入力します に指定されている場合、コンパイラはメモリの読み込みに Spectre の軽減策を挿入します
C:\Users\ja053157\■Workspace\Dev\libharu\lpng1637\png.c(4106): warning C5045: /Qspectre スイッチが
  C:\Users\ja053157\■Workspace\Dev\libharu\lpng1637\png.c(4104) : 注: この行で比較を行ってインデックス '' の範囲を確認します
  C:\Users\ja053157\■Workspace\Dev\libharu\lpng1637\png.c(4106) : 注: この行にメモリの読み込みを入力します に指定されている場合、コンパイラはメモリの読み込みに Spectre の軽減策を挿入します
C:\Users\ja053157\■Workspace\Dev\libharu\lpng1637\png.c(4098): warning C5045: /Qspectre スイッチが
  C:\Users\ja053157\■Workspace\Dev\libharu\lpng1637\png.c(4096) : 注: この行で比較を行ってインデックス 'bound' の範囲を確認します
  C:\Users\ja053157\■Workspace\Dev\libharu\lpng1637\png.c(4098) : 注: この行にメモリの読み込みを入力します に指定されている場合、コンパイラはメモリの読み込みに Spectre の軽減策を挿入します
C:\Users\ja053157\■Workspace\Dev\libharu\lpng1637\pngrutil.c(795): warning C5045: /Qspectre スイッチが
  C:\Users\ja053157\■Workspace\Dev\libharu\lpng1637\pngrutil.c(794) : 注: この行で比較を行ってインデックス 'read_size' の範囲を確認します
  C:\Users\ja053157\■Workspace\Dev\libharu\lpng1637\pngrutil.c(795) : 注: この行に呼び出しを入力します に指定されている場合、コンパイラはメモリの読み込みに Spectre の軽減策を挿入します
C:\Users\ja053157\■Workspace\Dev\libharu\lpng1637\pngrutil.c(191): warning C5045: /Qspectre スイッチが
  C:\Users\ja053157\■Workspace\Dev\libharu\lpng1637\pngrutil.c(3184) : 注: この行で比較を行ってインデックス '' の範囲を確認します
  C:\Users\ja053157\■Workspace\Dev\libharu\lpng1637\pngrutil.c(191) : 注: この行に呼び出しを入力します に指定されている場合、コンパイラはメモリの読み込みに Spectre の軽減策を挿入します
C:\Users\ja053157\■Workspace\Dev\libharu\lpng1637\pngrutil.c(756): warning C5045: /Qspectre スイッチが
  C:\Users\ja053157\■Workspace\Dev\libharu\lpng1637\pngrutil.c(633) : 注: この行で比較を行ってインデックス '' の範囲を確認します
  C:\Users\ja053157\■Workspace\Dev\libharu\lpng1637\pngrutil.c(756) : 注: この行に呼び出しを入力します に指定されている場合、コンパイラはメモリの読み込みに Spectre の軽減策を挿入します
C:\Users\ja053157\■Workspace\Dev\libharu\lpng1637\pngrutil.c(741): warning C5045: /Qspectre スイッチが
  C:\Users\ja053157\■Workspace\Dev\libharu\lpng1637\pngrutil.c(633) : 注: この行で比較を行ってインデックス '' の範囲を確認します
  C:\Users\ja053157\■Workspace\Dev\libharu\lpng1637\pngrutil.c(741) : 注: この行に呼び出しを入力します に指定されている場合、コンパイラはメモリの読み込みに Spectre の軽減策を挿入します
C:\Users\ja053157\■Workspace\Dev\libharu\lpng1637\pngmem.c(252): warning C5045: /Qspectre スイッチが
  C:\Users\ja053157\■Workspace\Dev\libharu\lpng1637\pngrutil.c(633) : 注: この行で比較を行ってインデックス '' の範囲を確認します
  C:\Users\ja053157\■Workspace\Dev\libharu\lpng1637\pngmem.c(252) : 注: この行に呼び出しを入力します に指定されている場合、コンパイラはメモリの読み込みに Spectre の軽減策を挿入します
C:\Users\ja053157\■Workspace\Dev\libharu\lpng1637\pngmem.c(239): warning C5045: /Qspectre スイッチが
  C:\Users\ja053157\■Workspace\Dev\libharu\lpng1637\pngrutil.c(633) : 注: この行で比較を行ってインデックス '' の範囲を確認します
  C:\Users\ja053157\■Workspace\Dev\libharu\lpng1637\pngmem.c(239) : 注: この行に呼び出しを入力します に指定されている場合、コンパイラはメモリの読み込みに Spectre の軽減策を挿入します
C:\Users\ja053157\■Workspace\Dev\libharu\lpng1637\pngrutil.c(679): warning C5045: /Qspectre スイッチが
  C:\Users\ja053157\■Workspace\Dev\libharu\lpng1637\pngrutil.c(633) : 注: この行で比較を行ってインデックス '' の範囲を確認します
  C:\Users\ja053157\■Workspace\Dev\libharu\lpng1637\pngrutil.c(679) : 注: この行に呼び出しを入力します に指定されている場合、コンパイラはメモリの読み込みに Spectre の軽減策を挿入します
C:\Users\ja053157\■Workspace\Dev\libharu\lpng1637\pngmem.c(95): warning C5045: /Qspectre スイッチが
  C:\Users\ja053157\■Workspace\Dev\libharu\lpng1637\pngmem.c(83) : 注: この行で比較を行ってインデックス 'buffer_size' の範囲を確認します
  C:\Users\ja053157\■Workspace\Dev\libharu\lpng1637\pngmem.c(95) : 注: この行に呼び出しを入力します に指定されている場合、コンパイラはメモリの読み込みに Spectre の軽減策を挿入します
C:\Users\ja053157\■Workspace\Dev\libharu\lpng1637\pngmem.c(91): warning C5045: /Qspectre スイッチが
  C:\Users\ja053157\■Workspace\Dev\libharu\lpng1637\pngmem.c(83) : 注: この行で比較を行ってインデックス 'buffer_size' の範囲を確認します
  C:\Users\ja053157\■Workspace\Dev\libharu\lpng1637\pngmem.c(91) : 注: この行に呼び出しを入力します に指定されている場合、コンパイラはメモリの読み込みに Spectre の軽減策を挿入します
C:\Users\ja053157\■Workspace\Dev\libharu\lpng1637\pngrutil.c(649): warning C5045: /Qspectre スイッチが
  C:\Users\ja053157\■Workspace\Dev\libharu\lpng1637\pngrutil.c(633) : 注: この行で比較を行ってインデックス '' の範囲を確認します
  C:\Users\ja053157\■Workspace\Dev\libharu\lpng1637\pngrutil.c(649) : 注: この行に呼び出しを入力します に指定されている場合、コンパイラはメモリの読み込みに Spectre の軽減策を挿入します
C:\Users\ja053157\■Workspace\Dev\libharu\lpng1637\pngmem.c(95): warning C5045: /Qspectre スイッチが
  C:\Users\ja053157\■Workspace\Dev\libharu\lpng1637\pngmem.c(83) : 注: この行で比較を行ってインデックス 'num_entries' の範囲を確認します
  C:\Users\ja053157\■Workspace\Dev\libharu\lpng1637\pngmem.c(95) : 注: この行に呼び出しを入力します に指定されている場合、コンパイラはメモリの読み込みに Spectre の軽減策を挿入します
C:\Users\ja053157\■Workspace\Dev\libharu\lpng1637\pngmem.c(91): warning C5045: /Qspectre スイッチが
  C:\Users\ja053157\■Workspace\Dev\libharu\lpng1637\pngmem.c(83) : 注: この行で比較を行ってインデックス 'num_entries' の範囲を確認します
  C:\Users\ja053157\■Workspace\Dev\libharu\lpng1637\pngmem.c(91) : 注: この行に呼び出しを入力します に指定されている場合、コンパイラはメモリの読み込みに Spectre の軽減策を挿入します
C:\Users\ja053157\■Workspace\Dev\libharu\lpng1637\pngwutil.c(1365): warning C5045: /Qspectre スイッチが
  C:\Users\ja053157\■Workspace\Dev\libharu\lpng1637\pngwutil.c(1357) : 注: この行で比較を行ってインデックス 'num_trans$GSCopy' の範囲を確認します
  C:\Users\ja053157\■Workspace\Dev\libharu\lpng1637\pngwutil.c(1365) : 注: この行に呼び出しを入力します に指定されている場合、コンパイラはメモリの読み込みに Spectre の軽減策を挿入します
C:\Users\ja053157\■Workspace\Dev\libharu\lpng1637\pngwutil.c(1053): warning C5045: /Qspectre スイッチが
  C:\Users\ja053157\■Workspace\Dev\libharu\lpng1637\pngwutil.c(1052) : 注: この行で比較を行ってインデックス 'size' の範囲を確認します
  C:\Users\ja053157\■Workspace\Dev\libharu\lpng1637\pngwutil.c(1053) : 注: この行に呼び出しを入力します に指定されている場合、コンパイラはメモリの読み込みに Spectre の軽減策を挿入します
C:\Users\ja053157\■Workspace\Dev\libharu\lpng1637\pngwrite.c(1872): warning C5045: /Qspectre スイッチが
  C:\Users\ja053157\■Workspace\Dev\libharu\lpng1637\pngwrite.c(1861) : 注: この行で比較を行ってインデックス 'channels' の範囲を確認します
  C:\Users\ja053157\■Workspace\Dev\libharu\lpng1637\pngwrite.c(1679) : 注: この行にメモリの読み込みを入力します に指定されている場合、コンパイラはメモリの読み込みに Spectre の軽減策を挿入します
C:\Users\ja053157\■Workspace\Dev\libharu\lpng1637\pngwrite.c(1867): warning C5045: /Qspectre スイッチが
  C:\Users\ja053157\■Workspace\Dev\libharu\lpng1637\pngwrite.c(1861) : 注: この行で比較を行ってインデックス 'channels' の範囲を確認します
  C:\Users\ja053157\■Workspace\Dev\libharu\lpng1637\pngwrite.c(1679) : 注: この行にメモリの読み込みを入力します に指定されている場合、コンパイラはメモリの読み込みに Spectre の軽減策を挿入します
C:\Users\ja053157\■Workspace\Dev\libharu\lpng1637\pngwrite.c(1840): warning C5045: /Qspectre スイッチが
  C:\Users\ja053157\■Workspace\Dev\libharu\lpng1637\pngwrite.c(1829) : 注: この行で比較を行ってインデックス 'channels' の範囲を確認します
  C:\Users\ja053157\■Workspace\Dev\libharu\lpng1637\pngwrite.c(1840) : 注: この行にメモリの読み込みを入力します に指定されている場合、コンパイラはメモリの読み込みに Spectre の軽減策を挿入します
C:\Users\ja053157\■Workspace\Dev\libharu\lpng1637\pngwrite.c(1835): warning C5045: /Qspectre スイッチが
  C:\Users\ja053157\■Workspace\Dev\libharu\lpng1637\pngwrite.c(1829) : 注: この行で比較を行ってインデックス 'channels' の範囲を確認します
  C:\Users\ja053157\■Workspace\Dev\libharu\lpng1637\pngwrite.c(1835) : 注: この行にメモリの読み込みを入力します に指定されている場合、コンパイラはメモリの読み込みに Spectre の軽減策を挿入します
C:\Users\ja053157\■Workspace\Dev\libharu\lpng1637\pngrutil.c(2461): warning C5045: /Qspectre スイッチが
  C:\Users\ja053157\■Workspace\Dev\libharu\lpng1637\pngrutil.c(2441) : 注: この行で比較を行ってインデックス '' の範囲を確認します
  C:\Users\ja053157\■Workspace\Dev\libharu\lpng1637\pngrutil.c(2461) : 注: この行に呼び出しを入力します に指定されている場合、コンパイラはメモリの読み込みに Spectre の軽減策を挿入します
C:\Users\ja053157\■Workspace\Dev\libharu\lpng1637\pngrutil.c(2453): warning C5045: /Qspectre スイッチが
  C:\Users\ja053157\■Workspace\Dev\libharu\lpng1637\pngrutil.c(2441) : 注: この行で比較を行ってインデックス '' の範囲を確認します
  C:\Users\ja053157\■Workspace\Dev\libharu\lpng1637\pngrutil.c(2453) : 注: この行に呼び出しを入力します に指定されている場合、コンパイラはメモリの読み込みに Spectre の軽減策を挿入します
C:\Users\ja053157\■Workspace\Dev\libharu\lpng1637\pngrutil.c(2441): warning C5045: /Qspectre スイッチが
  C:\Users\ja053157\■Workspace\Dev\libharu\lpng1637\pngrutil.c(2402) : 注: この行で比較を行ってインデックス 'length' の範囲を確認します
  C:\Users\ja053157\■Workspace\Dev\libharu\lpng1637\pngrutil.c(2441) : 注: この行に呼び出しを入力します に指定されている場合、コンパイラはメモリの読み込みに Spectre の軽減策を挿入します
C:\Users\ja053157\■Workspace\Dev\libharu\lpng1637\pngrutil.c(2421): warning C5045: /Qspectre スイッチが
  C:\Users\ja053157\■Workspace\Dev\libharu\lpng1637\pngrutil.c(2402) : 注: この行で比較を行ってインデックス 'length' の範囲を確認します
  C:\Users\ja053157\■Workspace\Dev\libharu\lpng1637\pngrutil.c(2421) : 注: この行に呼び出しを入力します に指定されている場合、コンパイラはメモリの読み込みに Spectre の軽減策を挿入します
C:\Users\ja053157\■Workspace\Dev\libharu\lpng1637\pngrutil.c(2417): warning C5045: /Qspectre スイッチが
  C:\Users\ja053157\■Workspace\Dev\libharu\lpng1637\pngrutil.c(2402) : 注: この行で比較を行ってインデックス 'length' の範囲を確認します
  C:\Users\ja053157\■Workspace\Dev\libharu\lpng1637\pngrutil.c(2417) : 注: この行に呼び出しを入力します に指定されている場合、コンパイラはメモリの読み込みに Spectre の軽減策を挿入します
C:\Users\ja053157\■Workspace\Dev\libharu\lpng1637\pngrutil.c(2412): warning C5045: /Qspectre スイッチが
  C:\Users\ja053157\■Workspace\Dev\libharu\lpng1637\pngrutil.c(2402) : 注: この行で比較を行ってインデックス 'length' の範囲を確認します
  C:\Users\ja053157\■Workspace\Dev\libharu\lpng1637\pngrutil.c(2412) : 注: この行に呼び出しを入力します に指定されている場合、コンパイラはメモリの読み込みに Spectre の軽減策を挿入します
C:\Users\ja053157\■Workspace\Dev\libharu\lpng1637\pngrutil.c(2404): warning C5045: /Qspectre スイッチが
  C:\Users\ja053157\■Workspace\Dev\libharu\lpng1637\pngrutil.c(2402) : 注: この行で比較を行ってインデックス 'length' の範囲を確認します
  C:\Users\ja053157\■Workspace\Dev\libharu\lpng1637\pngrutil.c(2404) : 注: この行に呼び出しを入力します に指定されている場合、コンパイラはメモリの読み込みに Spectre の軽減策を挿入します
C:\Users\ja053157\■Workspace\Dev\libharu\lpng1637\pngrutil.c(2913): warning C5045: /Qspectre スイッチが
  C:\Users\ja053157\■Workspace\Dev\libharu\lpng1637\pngrutil.c(2912) : 注: この行で比較を行ってインデックス 'length' の範囲を確認します
  C:\Users\ja053157\■Workspace\Dev\libharu\lpng1637\pngrutil.c(2913) : 注: この行に呼び出しを入力します に指定されている場合、コンパイラはメモリの読み込みに Spectre の軽減策を挿入します
C:\Users\ja053157\■Workspace\Dev\libharu\lpng1637\pngrutil.c(2905): warning C5045: /Qspectre スイッチが
  C:\Users\ja053157\■Workspace\Dev\libharu\lpng1637\pngrutil.c(2902) : 注: この行で比較を行ってインデックス 'length' の範囲を確認します
  C:\Users\ja053157\■Workspace\Dev\libharu\lpng1637\pngrutil.c(2905) : 注: この行に呼び出しを入力します に指定されている場合、コンパイラはメモリの読み込みに Spectre の軽減策を挿入します
C:\Users\ja053157\■Workspace\Dev\libharu\lpng1637\pngrutil.c(2897): warning C5045: /Qspectre スイッチが
  C:\Users\ja053157\■Workspace\Dev\libharu\lpng1637\pngrutil.c(2883) : 注: この行で比較を行ってインデックス '' の範囲を確認します
  C:\Users\ja053157\■Workspace\Dev\libharu\lpng1637\pngrutil.c(2897) : 注: この行に呼び出しを入力します に指定されている場合、コンパイラはメモリの読み込みに Spectre の軽減策を挿入します
C:\Users\ja053157\■Workspace\Dev\libharu\lpng1637\pngrutil.c(2057): warning C5045: /Qspectre スイッチが
  C:\Users\ja053157\■Workspace\Dev\libharu\lpng1637\pngrutil.c(2048) : 注: この行で比較を行ってインデックス 'length' の範囲を確認します
  C:\Users\ja053157\■Workspace\Dev\libharu\lpng1637\pngrutil.c(2057) : 注: この行に呼び出しを入力します に指定されている場合、コンパイラはメモリの読み込みに Spectre の軽減策を挿入します
C:\Users\ja053157\■Workspace\Dev\libharu\lpng1637\pngrutil.c(2082): warning C5045: /Qspectre スイッチが
  C:\Users\ja053157\■Workspace\Dev\libharu\lpng1637\pngrutil.c(2074) : 注: この行で比較を行ってインデックス 'length' の範囲を確認します
  C:\Users\ja053157\■Workspace\Dev\libharu\lpng1637\pngrutil.c(2082) : 注: この行に呼び出しを入力します に指定されている場合、コンパイラはメモリの読み込みに Spectre の軽減策を挿入します
C:\Users\ja053157\■Workspace\Dev\libharu\lpng1637\pngrutil.c(2069): warning C5045: /Qspectre スイッチが
  C:\Users\ja053157\■Workspace\Dev\libharu\lpng1637\pngrutil.c(2048) : 注: この行で比較を行ってインデックス 'length' の範囲を確認します
  C:\Users\ja053157\■Workspace\Dev\libharu\lpng1637\pngrutil.c(2069) : 注: この行に呼び出しを入力します に指定されている場合、コンパイラはメモリの読み込みに Spectre の軽減策を挿入します
C:\Users\ja053157\■Workspace\Dev\libharu\lpng1637\pngrutil.c(2064): warning C5045: /Qspectre スイッチが
  C:\Users\ja053157\■Workspace\Dev\libharu\lpng1637\pngrutil.c(2048) : 注: この行で比較を行ってインデックス 'length' の範囲を確認します
  C:\Users\ja053157\■Workspace\Dev\libharu\lpng1637\pngrutil.c(2064) : 注: この行に呼び出しを入力します に指定されている場合、コンパイラはメモリの読み込みに Spectre の軽減策を挿入します
C:\Users\ja053157\■Workspace\Dev\libharu\lpng1637\pngrutil.c(2050): warning C5045: /Qspectre スイッチが
  C:\Users\ja053157\■Workspace\Dev\libharu\lpng1637\pngrutil.c(2048) : 注: この行で比較を行ってインデックス 'length' の範囲を確認します
  C:\Users\ja053157\■Workspace\Dev\libharu\lpng1637\pngrutil.c(2050) : 注: この行に呼び出しを入力します に指定されている場合、コンパイラはメモリの読み込みに Spectre の軽減策を挿入します
C:\Users\ja053157\■Workspace\Dev\libharu\lpng1637\pngrutil.c(1060): warning C5045: /Qspectre スイッチが
  C:\Users\ja053157\■Workspace\Dev\libharu\lpng1637\pngrutil.c(961) : 注: この行で比較を行ってインデックス 'length$GSCopy' の範囲を確認します
  C:\Users\ja053157\■Workspace\Dev\libharu\lpng1637\pngrutil.c(1060) : 注: この行に呼び出しを入力します に指定されている場合、コンパイラはメモリの読み込みに Spectre の軽減策を挿入します
C:\Users\ja053157\■Workspace\Dev\libharu\lpng1637\pngrutil.c(907): warning C5045: /Qspectre スイッチが
  C:\Users\ja053157\■Workspace\Dev\libharu\lpng1637\pngrutil.c(26) : 注: この行で比較を行ってインデックス 'uval' の範囲を確認します
  C:\Users\ja053157\■Workspace\Dev\libharu\lpng1637\pngrutil.c(907) : 注: この行に呼び出しを入力します に指定されている場合、コンパイラはメモリの読み込みに Spectre の軽減策を挿入します
C:\Users\ja053157\■Workspace\Dev\libharu\lpng1637\pngset.c(1239): warning C5045: /Qspectre スイッチが
  C:\Users\ja053157\■Workspace\Dev\libharu\lpng1637\pngset.c(1205) : 注: この行で比較を行ってインデックス 'num_unknowns' の範囲を確認します
  C:\Users\ja053157\■Workspace\Dev\libharu\lpng1637\pngset.c(1239) : 注: この行に呼び出しを入力します に指定されている場合、コンパイラはメモリの読み込みに Spectre の軽減策を挿入します
C:\Users\ja053157\■Workspace\Dev\libharu\lpng1637\pngmem.c(95): warning C5045: /Qspectre スイッチが
  C:\Users\ja053157\■Workspace\Dev\libharu\lpng1637\pngmem.c(83) : 注: この行で比較を行ってインデックス 'length' の範囲を確認します
  C:\Users\ja053157\■Workspace\Dev\libharu\lpng1637\pngmem.c(95) : 注: この行に呼び出しを入力します に指定されている場合、コンパイラはメモリの読み込みに Spectre の軽減策を挿入します
C:\Users\ja053157\■Workspace\Dev\libharu\lpng1637\pngmem.c(91): warning C5045: /Qspectre スイッチが
  C:\Users\ja053157\■Workspace\Dev\libharu\lpng1637\pngmem.c(83) : 注: この行で比較を行ってインデックス 'length' の範囲を確認します
  C:\Users\ja053157\■Workspace\Dev\libharu\lpng1637\pngmem.c(91) : 注: この行に呼び出しを入力します に指定されている場合、コンパイラはメモリの読み込みに Spectre の軽減策を挿入します
C:\Users\ja053157\■Workspace\Dev\libharu\lpng1637\pngset.c(1081): warning C5045: /Qspectre スイッチが
  C:\Users\ja053157\■Workspace\Dev\libharu\lpng1637\pngset.c(1075) : 注: この行で比較を行ってインデックス 'nentries' の範囲を確認します
  C:\Users\ja053157\■Workspace\Dev\libharu\lpng1637\pngset.c(1081) : 注: この行に呼び出しを入力します に指定されている場合、コンパイラはメモリの読み込みに Spectre の軽減策を挿入します
C:\Users\ja053157\■Workspace\Dev\libharu\lpng1637\pngset.c(811): warning C5045: /Qspectre スイッチが
  C:\Users\ja053157\■Workspace\Dev\libharu\lpng1637\pngset.c(797) : 注: この行で比較を行ってインデックス '' の範囲を確認します
  C:\Users\ja053157\■Workspace\Dev\libharu\lpng1637\pngset.c(811) : 注: この行に呼び出しを入力します に指定されている場合、コンパイラはメモリの読み込みに Spectre の軽減策を挿入します
C:\Users\ja053157\■Workspace\Dev\libharu\lpng1637\pngrtran.c(1062): warning C5045: /Qspectre スイッチが
  C:\Users\ja053157\■Workspace\Dev\libharu\lpng1637\png.c(3320) : 注: この行で比較を行ってインデックス 'r' の範囲を確認します
  C:\Users\ja053157\■Workspace\Dev\libharu\lpng1637\pngrtran.c(1062) : 注: この行に呼び出しを入力します に指定されている場合、コンパイラはメモリの読み込みに Spectre の軽減策を挿入します
C:\Users\ja053157\■Workspace\Dev\libharu\lpng1637\pngrtran.c(402): warning C5045: /Qspectre スイッチが
  C:\Users\ja053157\■Workspace\Dev\libharu\lpng1637\pngrtran.c(277) : 注: この行で比較を行ってインデックス 'output_gamma' の範囲を確認します
  C:\Users\ja053157\■Workspace\Dev\libharu\lpng1637\pngrtran.c(402) : 注: この行に呼び出しを入力します に指定されている場合、コンパイラはメモリの読み込みに Spectre の軽減策を挿入します
C:\Users\ja053157\■Workspace\Dev\libharu\lpng1637\pngrtran.c(171): warning C5045: /Qspectre スイッチが
  C:\Users\ja053157\■Workspace\Dev\libharu\lpng1637\png.c(3320) : 注: この行で比較を行ってインデックス 'r' の範囲を確認します
  C:\Users\ja053157\■Workspace\Dev\libharu\lpng1637\pngrtran.c(171) : 注: この行に呼び出しを入力します に指定されている場合、コンパイラはメモリの読み込みに Spectre の軽減策を挿入します
C:\Users\ja053157\■Workspace\Dev\libharu\lpng1637\pngwutil.c(1717): warning C5045: /Qspectre スイッチが
  C:\Users\ja053157\■Workspace\Dev\libharu\lpng1637\pngwutil.c(1656) : 注: この行で比較を行ってインデックス '' の範囲を確認します
  C:\Users\ja053157\■Workspace\Dev\libharu\lpng1637\pngwutil.c(1717) : 注: この行に呼び出しを入力します に指定されている場合、コンパイラはメモリの読み込みに Spectre の軽減策を挿入します
C:\Users\ja053157\■Workspace\Dev\libharu\lpng1637\pngwutil.c(1715): warning C5045: /Qspectre スイッチが
  C:\Users\ja053157\■Workspace\Dev\libharu\lpng1637\pngwutil.c(1656) : 注: この行で比較を行ってインデックス '' の範囲を確認します
  C:\Users\ja053157\■Workspace\Dev\libharu\lpng1637\pngwutil.c(1715) : 注: この行に呼び出しを入力します に指定されている場合、コンパイラはメモリの読み込みに Spectre の軽減策を挿入します
C:\Users\ja053157\■Workspace\Dev\libharu\lpng1637\pngwutil.c(1712): warning C5045: /Qspectre スイッチが
  C:\Users\ja053157\■Workspace\Dev\libharu\lpng1637\pngwutil.c(1656) : 注: この行で比較を行ってインデックス '' の範囲を確認します
  C:\Users\ja053157\■Workspace\Dev\libharu\lpng1637\pngwutil.c(1712) : 注: この行に呼び出しを入力します に指定されている場合、コンパイラはメモリの読み込みに Spectre の軽減策を挿入します
C:\Users\ja053157\■Workspace\Dev\libharu\lpng1637\pngwutil.c(1697): warning C5045: /Qspectre スイッチが
  C:\Users\ja053157\■Workspace\Dev\libharu\lpng1637\pngwutil.c(1696) : 注: この行で比較を行ってインデックス '' の範囲を確認します
  C:\Users\ja053157\■Workspace\Dev\libharu\lpng1637\pngwutil.c(1697) : 注: この行に呼び出しを入力します に指定されている場合、コンパイラはメモリの読み込みに Spectre の軽減策を挿入します
C:\Users\ja053157\■Workspace\Dev\libharu\lpng1637\pngwutil.c(1691): warning C5045: /Qspectre スイッチが
  C:\Users\ja053157\■Workspace\Dev\libharu\lpng1637\pngwutil.c(1656) : 注: この行で比較を行ってインデックス '' の範囲を確認します
  C:\Users\ja053157\■Workspace\Dev\libharu\lpng1637\pngwutil.c(1691) : 注: この行に呼び出しを入力します に指定されている場合、コンパイラはメモリの読み込みに Spectre の軽減策を挿入します
C:\Users\ja053157\■Workspace\Dev\libharu\lpng1637\pngwutil.c(1690): warning C5045: /Qspectre スイッチが
  C:\Users\ja053157\■Workspace\Dev\libharu\lpng1637\pngwutil.c(1656) : 注: この行で比較を行ってインデックス '' の範囲を確認します
  C:\Users\ja053157\■Workspace\Dev\libharu\lpng1637\pngwutil.c(1690) : 注: この行に呼び出しを入力します に指定されている場合、コンパイラはメモリの読み込みに Spectre の軽減策を挿入します
C:\Users\ja053157\■Workspace\Dev\libharu\lpng1637\pngwutil.c(1617): warning C5045: /Qspectre スイッチが
  C:\Users\ja053157\■Workspace\Dev\libharu\lpng1637\pngwutil.c(1597) : 注: この行で比較を行ってインデックス '' の範囲を確認します
  C:\Users\ja053157\■Workspace\Dev\libharu\lpng1637\pngwutil.c(1617) : 注: この行に呼び出しを入力します に指定されている場合、コンパイラはメモリの読み込みに Spectre の軽減策を挿入します
C:\Users\ja053157\■Workspace\Dev\libharu\lpng1637\pngwutil.c(1605): warning C5045: /Qspectre スイッチが
  C:\Users\ja053157\■Workspace\Dev\libharu\lpng1637\pngwutil.c(1597) : 注: この行で比較を行ってインデックス '' の範囲を確認します
  C:\Users\ja053157\■Workspace\Dev\libharu\lpng1637\pngwutil.c(1605) : 注: この行に呼び出しを入力します に指定されている場合、コンパイラはメモリの読み込みに Spectre の軽減策を挿入します
C:\Users\ja053157\■Workspace\Dev\libharu\lpng1637\pngwutil.c(1604): warning C5045: /Qspectre スイッチが
  C:\Users\ja053157\■Workspace\Dev\libharu\lpng1637\pngwutil.c(1597) : 注: この行で比較を行ってインデックス '' の範囲を確認します
  C:\Users\ja053157\■Workspace\Dev\libharu\lpng1637\pngwutil.c(1604) : 注: この行に呼び出しを入力します に指定されている場合、コンパイラはメモリの読み込みに Spectre の軽減策を挿入します
C:\Users\ja053157\■Workspace\Dev\libharu\lpng1637\pngwutil.c(1172): warning C5045: /Qspectre スイッチが
  C:\Users\ja053157\■Workspace\Dev\libharu\lpng1637\pngwutil.c(1155) : 注: この行で比較を行ってインデックス '' の範囲を確認します
  C:\Users\ja053157\■Workspace\Dev\libharu\lpng1637\pngwutil.c(1172) : 注: この行に呼び出しを入力します に指定されている場合、コンパイラはメモリの読み込みに Spectre の軽減策を挿入します
C:\Users\ja053157\■Workspace\Dev\libharu\lpng1637\pngwutil.c(1164): warning C5045: /Qspectre スイッチが
  C:\Users\ja053157\■Workspace\Dev\libharu\lpng1637\pngwutil.c(1155) : 注: この行で比較を行ってインデックス '' の範囲を確認します
  C:\Users\ja053157\■Workspace\Dev\libharu\lpng1637\pngwutil.c(1164) : 注: この行に呼び出しを入力します に指定されている場合、コンパイラはメモリの読み込みに Spectre の軽減策を挿入します
C:\Users\ja053157\■Workspace\Dev\libharu\lpng1637\pngwutil.c(1163): warning C5045: /Qspectre スイッチが
  C:\Users\ja053157\■Workspace\Dev\libharu\lpng1637\pngwutil.c(1155) : 注: この行で比較を行ってインデックス '' の範囲を確認します
  C:\Users\ja053157\■Workspace\Dev\libharu\lpng1637\pngwutil.c(1163) : 注: この行に呼び出しを入力します に指定されている場合、コンパイラはメモリの読み込みに Spectre の軽減策を挿入します
C:\Users\ja053157\■Workspace\Dev\libharu\lpng1637\png.c(1147): warning C5045: /Qspectre スイッチが
  C:\Users\ja053157\■Workspace\Dev\libharu\lpng1637\png.c(1130) : 注: この行で比較を行ってインデックス 'gAMA' の範囲を確認します
  C:\Users\ja053157\■Workspace\Dev\libharu\lpng1637\png.c(1147) : 注: この行に呼び出しを入力します に指定されている場合、コンパイラはメモリの読み込みに Spectre の軽減策を挿入します
C:\Users\ja053157\■Workspace\Dev\libharu\lpng1637\pngerror.c(397): warning C5045: /Qspectre スイッチが
  C:\Users\ja053157\■Workspace\Dev\libharu\lpng1637\pngrutil.c(2972) : 注: この行で比較を行ってインデックス 'ret' の範囲を確認します
  C:\Users\ja053157\■Workspace\Dev\libharu\lpng1637\pngerror.c(397) : 注: この行に呼び出しを入力します に指定されている場合、コンパイラはメモリの読み込みに Spectre の軽減策を挿入します
C:\Users\ja053157\■Workspace\Dev\libharu\lpng1637\pngerror.c(235): warning C5045: /Qspectre スイッチが
  C:\Users\ja053157\■Workspace\Dev\libharu\lpng1637\pngrutil.c(2972) : 注: この行で比較を行ってインデックス 'ret' の範囲を確認します
  C:\Users\ja053157\■Workspace\Dev\libharu\lpng1637\pngerror.c(235) : 注: この行に呼び出しを入力します に指定されている場合、コンパイラはメモリの読み込みに Spectre の軽減策を挿入します
C:\Users\ja053157\■Workspace\Dev\libharu\lpng1637\pngrutil.c(2993): warning C5045: /Qspectre スイッチが
  C:\Users\ja053157\■Workspace\Dev\libharu\lpng1637\pngrutil.c(2972) : 注: この行で比較を行ってインデックス 'ret' の範囲を確認します
  C:\Users\ja053157\■Workspace\Dev\libharu\lpng1637\pngrutil.c(2993) : 注: この行に呼び出しを入力します に指定されている場合、コンパイラはメモリの読み込みに Spectre の軽減策を挿入します
C:\Users\ja053157\■Workspace\Dev\libharu\lpng1637\pngrutil.c(2973): warning C5045: /Qspectre スイッチが
  C:\Users\ja053157\■Workspace\Dev\libharu\lpng1637\pngrutil.c(2972) : 注: この行で比較を行ってインデックス 'ret' の範囲を確認します
  C:\Users\ja053157\■Workspace\Dev\libharu\lpng1637\pngrutil.c(2973) : 注: この行に呼び出しを入力します に指定されている場合、コンパイラはメモリの読み込みに Spectre の軽減策を挿入します
C:\Users\ja053157\■Workspace\Dev\libharu\lpng1637\png.c(2163): warning C5045: /Qspectre スイッチが
  C:\Users\ja053157\■Workspace\Dev\libharu\lpng1637\png.c(2134) : 注: この行で比較を行ってインデックス '' の範囲を確認します
  C:\Users\ja053157\■Workspace\Dev\libharu\lpng1637\png.c(2163) : 注: この行に呼び出しを入力します に指定されている場合、コンパイラはメモリの読み込みに Spectre の軽減策を挿入します
C:\Users\ja053157\■Workspace\Dev\libharu\lpng1637\png.c(2145): warning C5045: /Qspectre スイッチが
  C:\Users\ja053157\■Workspace\Dev\libharu\lpng1637\png.c(2134) : 注: この行で比較を行ってインデックス '' の範囲を確認します
  C:\Users\ja053157\■Workspace\Dev\libharu\lpng1637\png.c(2145) : 注: この行に呼び出しを入力します に指定されている場合、コンパイラはメモリの読み込みに Spectre の軽減策を挿入します
C:\Users\ja053157\■Workspace\Dev\libharu\lpng1637\png.c(2155): warning C5045: /Qspectre スイッチが
  C:\Users\ja053157\■Workspace\Dev\libharu\lpng1637\png.c(2134) : 注: この行で比較を行ってインデックス '' の範囲を確認します
  C:\Users\ja053157\■Workspace\Dev\libharu\lpng1637\png.c(2155) : 注: この行に呼び出しを入力します に指定されている場合、コンパイラはメモリの読み込みに Spectre の軽減策を挿入します
C:\Users\ja053157\■Workspace\Dev\libharu\lpng1637\png.c(2053): warning C5045: /Qspectre スイッチが
  C:\Users\ja053157\■Workspace\Dev\libharu\lpng1637\png.c(2052) : 注: この行で比較を行ってインデックス 'temp' の範囲を確認します
  C:\Users\ja053157\■Workspace\Dev\libharu\lpng1637\png.c(2053) : 注: この行に呼び出しを入力します に指定されている場合、コンパイラはメモリの読み込みに Spectre の軽減策を挿入します
C:\Users\ja053157\■Workspace\Dev\libharu\lpng1637\png.c(2046): warning C5045: /Qspectre スイッチが
  C:\Users\ja053157\■Workspace\Dev\libharu\lpng1637\png.c(2045) : 注: この行で比較を行ってインデックス 'temp' の範囲を確認します
  C:\Users\ja053157\■Workspace\Dev\libharu\lpng1637\png.c(2046) : 注: この行に呼び出しを入力します に指定されている場合、コンパイラはメモリの読み込みに Spectre の軽減策を挿入します
C:\Users\ja053157\■Workspace\Dev\libharu\lpng1637\png.c(1974): warning C5045: /Qspectre スイッチが
  C:\Users\ja053157\■Workspace\Dev\libharu\lpng1637\png.c(1973) : 注: この行で比較を行ってインデックス 'profile_length' の範囲を確認します
  C:\Users\ja053157\■Workspace\Dev\libharu\lpng1637\png.c(1974) : 注: この行に呼び出しを入力します に指定されている場合、コンパイラはメモリの読み込みに Spectre の軽減策を挿入します
C:\Users\ja053157\■Workspace\Dev\libharu\lpng1637\pngrutil.c(2818): warning C5045: /Qspectre スイッチが
  C:\Users\ja053157\■Workspace\Dev\libharu\lpng1637\pngrutil.c(2809) : 注: この行で比較を行ってインデックス 'length' の範囲を確認します
  C:\Users\ja053157\■Workspace\Dev\libharu\lpng1637\pngrutil.c(2818) : 注: この行に呼び出しを入力します に指定されている場合、コンパイラはメモリの読み込みに Spectre の軽減策を挿入します
C:\Users\ja053157\■Workspace\Dev\libharu\lpng1637\pngrutil.c(2673): warning C5045: /Qspectre スイッチが
  C:\Users\ja053157\■Workspace\Dev\libharu\lpng1637\pngrutil.c(2658) : 注: この行で比較を行ってインデックス 'length' の範囲を確認します
  C:\Users\ja053157\■Workspace\Dev\libharu\lpng1637\pngrutil.c(2673) : 注: この行に呼び出しを入力します に指定されている場合、コンパイラはメモリの読み込みに Spectre の軽減策を挿入します
C:\Users\ja053157\■Workspace\Dev\libharu\lpng1637\pngerror.c(521): warning C5045: /Qspectre スイッチが
  C:\Users\ja053157\■Workspace\Dev\libharu\lpng1637\pngrutil.c(2358) : 注: この行で比較を行ってインデックス 'endptr' の範囲を確認します
  C:\Users\ja053157\■Workspace\Dev\libharu\lpng1637\pngerror.c(521) : 注: この行に呼び出しを入力します に指定されている場合、コンパイラはメモリの読み込みに Spectre の軽減策を挿入します
C:\Users\ja053157\■Workspace\Dev\libharu\lpng1637\pngerror.c(518): warning C5045: /Qspectre スイッチが
  C:\Users\ja053157\■Workspace\Dev\libharu\lpng1637\pngrutil.c(2358) : 注: この行で比較を行ってインデックス 'endptr' の範囲を確認します
  C:\Users\ja053157\■Workspace\Dev\libharu\lpng1637\pngerror.c(518) : 注: この行に呼び出しを入力します に指定されている場合、コンパイラはメモリの読み込みに Spectre の軽減策を挿入します
C:\Users\ja053157\■Workspace\Dev\libharu\lpng1637\pngmem.c(252): warning C5045: /Qspectre スイッチが
  C:\Users\ja053157\■Workspace\Dev\libharu\lpng1637\pngrutil.c(2358) : 注: この行で比較を行ってインデックス 'endptr' の範囲を確認します
  C:\Users\ja053157\■Workspace\Dev\libharu\lpng1637\pngmem.c(252) : 注: この行に呼び出しを入力します に指定されている場合、コンパイラはメモリの読み込みに Spectre の軽減策を挿入します
C:\Users\ja053157\■Workspace\Dev\libharu\lpng1637\pngmem.c(239): warning C5045: /Qspectre スイッチが
  C:\Users\ja053157\■Workspace\Dev\libharu\lpng1637\pngrutil.c(2358) : 注: この行で比較を行ってインデックス 'endptr' の範囲を確認します
  C:\Users\ja053157\■Workspace\Dev\libharu\lpng1637\pngmem.c(239) : 注: この行に呼び出しを入力します に指定されている場合、コンパイラはメモリの読み込みに Spectre の軽減策を挿入します
C:\Users\ja053157\■Workspace\Dev\libharu\lpng1637\pngmem.c(252): warning C5045: /Qspectre スイッチが
  C:\Users\ja053157\■Workspace\Dev\libharu\lpng1637\pngrutil.c(2302) : 注: この行で比較を行ってインデックス '' の範囲を確認します
  C:\Users\ja053157\■Workspace\Dev\libharu\lpng1637\pngmem.c(252) : 注: この行に呼び出しを入力します に指定されている場合、コンパイラはメモリの読み込みに Spectre の軽減策を挿入します
C:\Users\ja053157\■Workspace\Dev\libharu\lpng1637\pngmem.c(239): warning C5045: /Qspectre スイッチが
  C:\Users\ja053157\■Workspace\Dev\libharu\lpng1637\pngrutil.c(2302) : 注: この行で比較を行ってインデックス '' の範囲を確認します
  C:\Users\ja053157\■Workspace\Dev\libharu\lpng1637\pngmem.c(239) : 注: この行に呼び出しを入力します に指定されている場合、コンパイラはメモリの読み込みに Spectre の軽減策を挿入します
C:\Users\ja053157\■Workspace\Dev\libharu\lpng1637\pngrutil.c(2366): warning C5045: /Qspectre スイッチが
  C:\Users\ja053157\■Workspace\Dev\libharu\lpng1637\pngrutil.c(2302) : 注: この行で比較を行ってインデックス '' の範囲を確認します
  C:\Users\ja053157\■Workspace\Dev\libharu\lpng1637\pngrutil.c(2366) : 注: この行に呼び出しを入力します に指定されている場合、コンパイラはメモリの読み込みに Spectre の軽減策を挿入します
C:\Users\ja053157\■Workspace\Dev\libharu\lpng1637\pngrutil.c(2309): warning C5045: /Qspectre スイッチが
  C:\Users\ja053157\■Workspace\Dev\libharu\lpng1637\pngrutil.c(2302) : 注: この行で比較を行ってインデックス '' の範囲を確認します
  C:\Users\ja053157\■Workspace\Dev\libharu\lpng1637\pngrutil.c(2366) : 注: この行に呼び出しを入力します に指定されている場合、コンパイラはメモリの読み込みに Spectre の軽減策を挿入します
C:\Users\ja053157\■Workspace\Dev\libharu\lpng1637\pngrutil.c(2310): warning C5045: /Qspectre スイッチが
  C:\Users\ja053157\■Workspace\Dev\libharu\lpng1637\pngrutil.c(2302) : 注: この行で比較を行ってインデックス '' の範囲を確認します
  C:\Users\ja053157\■Workspace\Dev\libharu\lpng1637\pngrutil.c(2366) : 注: この行に呼び出しを入力します に指定されている場合、コンパイラはメモリの読み込みに Spectre の軽減策を挿入します
C:\Users\ja053157\■Workspace\Dev\libharu\lpng1637\pngrutil.c(2311): warning C5045: /Qspectre スイッチが
  C:\Users\ja053157\■Workspace\Dev\libharu\lpng1637\pngrutil.c(2302) : 注: この行で比較を行ってインデックス '' の範囲を確認します
  C:\Users\ja053157\■Workspace\Dev\libharu\lpng1637\pngrutil.c(2366) : 注: この行に呼び出しを入力します に指定されている場合、コンパイラはメモリの読み込みに Spectre の軽減策を挿入します
C:\Users\ja053157\■Workspace\Dev\libharu\lpng1637\pngerror.c(521): warning C5045: /Qspectre スイッチが
  C:\Users\ja053157\■Workspace\Dev\libharu\lpng1637\pngrutil.c(2302) : 注: この行で比較を行ってインデックス '' の範囲を確認します
  C:\Users\ja053157\■Workspace\Dev\libharu\lpng1637\pngerror.c(521) : 注: この行に呼び出しを入力します に指定されている場合、コンパイラはメモリの読み込みに Spectre の軽減策を挿入します
C:\Users\ja053157\■Workspace\Dev\libharu\lpng1637\pngerror.c(518): warning C5045: /Qspectre スイッチが
  C:\Users\ja053157\■Workspace\Dev\libharu\lpng1637\pngrutil.c(2302) : 注: この行で比較を行ってインデックス '' の範囲を確認します
  C:\Users\ja053157\■Workspace\Dev\libharu\lpng1637\pngerror.c(518) : 注: この行に呼び出しを入力します に指定されている場合、コンパイラはメモリの読み込みに Spectre の軽減策を挿入します
C:\Users\ja053157\■Workspace\Dev\libharu\lpng1637\png.c(1996): warning C5045: /Qspectre スイッチが
  C:\Users\ja053157\■Workspace\Dev\libharu\lpng1637\png.c(1994) : 注: この行で比較を行ってインデックス '' の範囲を確認します
  C:\Users\ja053157\■Workspace\Dev\libharu\lpng1637\png.c(1996) : 注: この行に呼び出しを入力します に指定されている場合、コンパイラはメモリの読み込みに Spectre の軽減策を挿入します
C:\Users\ja053157\■Workspace\Dev\libharu\lpng1637\pngset.c(194): warning C5045: /Qspectre スイッチが
  C:\Users\ja053157\■Workspace\Dev\libharu\lpng1637\png.c(3320) : 注: この行で比較を行ってインデックス 'r' の範囲を確認します
  C:\Users\ja053157\■Workspace\Dev\libharu\lpng1637\pngset.c(194) : 注: この行に呼び出しを入力します に指定されている場合、コンパイラはメモリの読み込みに Spectre の軽減策を挿入します
C:\Users\ja053157\■Workspace\Dev\libharu\lpng1637\png.c(1974): warning C5045: /Qspectre スイッチが
  C:\Users\ja053157\■Workspace\Dev\libharu\lpng1637\png.c(1973) : 注: この行で比較を行ってインデックス 'proflen' の範囲を確認します
  C:\Users\ja053157\■Workspace\Dev\libharu\lpng1637\png.c(1974) : 注: この行に呼び出しを入力します に指定されている場合、コンパイラはメモリの読み込みに Spectre の軽減策を挿入します
C:\Users\ja053157\■Workspace\Dev\libharu\lpng1637\pngmem.c(95): warning C5045: /Qspectre スイッチが
  C:\Users\ja053157\■Workspace\Dev\libharu\lpng1637\pngmem.c(83) : 注: この行で比較を行ってインデックス '' の範囲を確認します
  C:\Users\ja053157\■Workspace\Dev\libharu\lpng1637\pngmem.c(95) : 注: この行に呼び出しを入力します に指定されている場合、コンパイラはメモリの読み込みに Spectre の軽減策を挿入します
C:\Users\ja053157\■Workspace\Dev\libharu\lpng1637\pngmem.c(91): warning C5045: /Qspectre スイッチが
  C:\Users\ja053157\■Workspace\Dev\libharu\lpng1637\pngmem.c(83) : 注: この行で比較を行ってインデックス '' の範囲を確認します
  C:\Users\ja053157\■Workspace\Dev\libharu\lpng1637\pngmem.c(91) : 注: この行に呼び出しを入力します に指定されている場合、コンパイラはメモリの読み込みに Spectre の軽減策を挿入します
C:\Users\ja053157\■Workspace\Dev\libharu\lpng1637\pngwrite.c(1728): warning C5045: /Qspectre スイッチが
  C:\Users\ja053157\■Workspace\Dev\libharu\lpng1637\pngwrite.c(1726) : 注: この行で比較を行ってインデックス 'row_end' の範囲を確認します
  C:\Users\ja053157\■Workspace\Dev\libharu\lpng1637\pngwrite.c(1679) : 注: この行にメモリの読み込みを入力します に指定されている場合、コンパイラはメモリの読み込みに Spectre の軽減策を挿入します
  コード生成が終了しました。
libpng16.lib(png.obj) : warning LNK4099: PDB 'libpng.pdb' が 'libpng16.lib(png.obj)' で、または 'C:\Users\ja053157\■Workspace\Dev\libharu_Mixed_Mode_Debugging\x64\Debug\libpng.pdb' に見つかりません。デバッグ情報がないものとして、オブジェクトにリンクします。
libpng16.lib(pngread.obj) : warning LNK4099: PDB 'libpng.pdb' が 'libpng16.lib(pngread.obj)' で、または 'C:\Users\ja053157\■Workspace\Dev\libharu_Mixed_Mode_Debugging\x64\Debug\libpng.pdb' に見つかりません。デバッグ情報がないものとして、オブジェクトにリンクします。
libpng16.lib(pngrtran.obj) : warning LNK4099: PDB 'libpng.pdb' が 'libpng16.lib(pngrtran.obj)' で、または 'C:\Users\ja053157\■Workspace\Dev\libharu_Mixed_Mode_Debugging\x64\Debug\libpng.pdb' に見つかりません。デバッグ情報がないものとして、オブジェクトにリンクします。
libpng16.lib(pngerror.obj) : warning LNK4099: PDB 'libpng.pdb' が 'libpng16.lib(pngerror.obj)' で、または 'C:\Users\ja053157\■Workspace\Dev\libharu_Mixed_Mode_Debugging\x64\Debug\libpng.pdb' に見つかりません。デバッグ情報がないものとして、オブジェクトにリンクします。
libpng16.lib(pngrio.obj) : warning LNK4099: PDB 'libpng.pdb' が 'libpng16.lib(pngrio.obj)' で、または 'C:\Users\ja053157\■Workspace\Dev\libharu_Mixed_Mode_Debugging\x64\Debug\libpng.pdb' に見つかりません。デバッグ情報がないものとして、オブジェクトにリンクします。
libpng16.lib(pngget.obj) : warning LNK4099: PDB 'libpng.pdb' が 'libpng16.lib(pngget.obj)' で、または 'C:\Users\ja053157\■Workspace\Dev\libharu_Mixed_Mode_Debugging\x64\Debug\libpng.pdb' に見つかりません。デバッグ情報がないものとして、オブジェクトにリンクします。
libpng16.lib(pngwrite.obj) : warning LNK4099: PDB 'libpng.pdb' が 'libpng16.lib(pngwrite.obj)' で、または 'C:\Users\ja053157\■Workspace\Dev\libharu_Mixed_Mode_Debugging\x64\Debug\libpng.pdb' に見つかりません。デバッグ情報がないものとして、オブジェクトにリンクします。
libpng16.lib(pngwutil.obj) : warning LNK4099: PDB 'libpng.pdb' が 'libpng16.lib(pngwutil.obj)' で、または 'C:\Users\ja053157\■Workspace\Dev\libharu_Mixed_Mode_Debugging\x64\Debug\libpng.pdb' に見つかりません。デバッグ情報がないものとして、オブジェクトにリンクします。
libpng16.lib(pngmem.obj) : warning LNK4099: PDB 'libpng.pdb' が 'libpng16.lib(pngmem.obj)' で、または 'C:\Users\ja053157\■Workspace\Dev\libharu_Mixed_Mode_Debugging\x64\Debug\libpng.pdb' に見つかりません。デバッグ情報がないものとして、オブジェクトにリンクします。
libpng16.lib(pngrutil.obj) : warning LNK4099: PDB 'libpng.pdb' が 'libpng16.lib(pngrutil.obj)' で、または 'C:\Users\ja053157\■Workspace\Dev\libharu_Mixed_Mode_Debugging\x64\Debug\libpng.pdb' に見つかりません。デバッグ情報がないものとして、オブジェクトにリンクします。
libpng16.lib(pngtrans.obj) : warning LNK4099: PDB 'libpng.pdb' が 'libpng16.lib(pngtrans.obj)' で、または 'C:\Users\ja053157\■Workspace\Dev\libharu_Mixed_Mode_Debugging\x64\Debug\libpng.pdb' に見つかりません。デバッグ情報がないものとして、オブジェクトにリンクします。
libpng16.lib(pngset.obj) : warning LNK4099: PDB 'libpng.pdb' が 'libpng16.lib(pngset.obj)' で、または 'C:\Users\ja053157\■Workspace\Dev\libharu_Mixed_Mode_Debugging\x64\Debug\libpng.pdb' に見つかりません。デバッグ情報がないものとして、オブジェクトにリンクします。
libpng16.lib(pngwio.obj) : warning LNK4099: PDB 'libpng.pdb' が 'libpng16.lib(pngwio.obj)' で、または 'C:\Users\ja053157\■Workspace\Dev\libharu_Mixed_Mode_Debugging\x64\Debug\libpng.pdb' に見つかりません。デバッグ情報がないものとして、オブジェクトにリンクします。
libpng16.lib(pngwtran.obj) : warning LNK4099: PDB 'libpng.pdb' が 'libpng16.lib(pngwtran.obj)' で、または 'C:\Users\ja053157\■Workspace\Dev\libharu_Mixed_Mode_Debugging\x64\Debug\libpng.pdb' に見つかりません。デバッグ情報がないものとして、オブジェクトにリンクします。
zlib.lib(deflate.obj) : warning LNK4099: PDB 'zlib.pdb' が 'zlib.lib(deflate.obj)' で、または 'C:\Users\ja053157\■Workspace\Dev\libharu_Mixed_Mode_Debugging\x64\Debug\zlib.pdb' に見つかりません。デバッグ情報がないものとして、オブジェクトにリンクします。
zlib.lib(adler32.obj) : warning LNK4099: PDB 'zlib.pdb' が 'zlib.lib(adler32.obj)' で、または 'C:\Users\ja053157\■Workspace\Dev\libharu_Mixed_Mode_Debugging\x64\Debug\zlib.pdb' に見つかりません。デバッグ情報がないものとして、オブジェクトにリンクします。
zlib.lib(inflate.obj) : warning LNK4099: PDB 'zlib.pdb' が 'zlib.lib(inflate.obj)' で、または 'C:\Users\ja053157\■Workspace\Dev\libharu_Mixed_Mode_Debugging\x64\Debug\zlib.pdb' に見つかりません。デバッグ情報がないものとして、オブジェクトにリンクします。
zlib.lib(crc32.obj) : warning LNK4099: PDB 'zlib.pdb' が 'zlib.lib(crc32.obj)' で、または 'C:\Users\ja053157\■Workspace\Dev\libharu_Mixed_Mode_Debugging\x64\Debug\zlib.pdb' に見つかりません。デバッグ情報がないものとして、オブジェクトにリンクします。
zlib.lib(trees.obj) : warning LNK4099: PDB 'zlib.pdb' が 'zlib.lib(trees.obj)' で、または 'C:\Users\ja053157\■Workspace\Dev\libharu_Mixed_Mode_Debugging\x64\Debug\zlib.pdb' に見つかりません。デバッグ情報がないものとして、オブジェクトにリンクします。
zlib.lib(zutil.obj) : warning LNK4099: PDB 'zlib.pdb' が 'zlib.lib(zutil.obj)' で、または 'C:\Users\ja053157\■Workspace\Dev\libharu_Mixed_Mode_Debugging\x64\Debug\zlib.pdb' に見つかりません。デバッグ情報がないものとして、オブジェクトにリンクします。
zlib.lib(inftrees.obj) : warning LNK4099: PDB 'zlib.pdb' が 'zlib.lib(inftrees.obj)' で、または 'C:\Users\ja053157\■Workspace\Dev\libharu_Mixed_Mode_Debugging\x64\Debug\zlib.pdb' に見つかりません。デバッグ情報がないものとして、オブジェクトにリンクします。
zlib.lib(inffast.obj) : warning LNK4099: PDB 'zlib.pdb' が 'zlib.lib(inffast.obj)' で、または 'C:\Users\ja053157\■Workspace\Dev\libharu_Mixed_Mode_Debugging\x64\Debug\zlib.pdb' に見つかりません。デバッグ情報がないものとして、オブジェクトにリンクします。
  libhpdf.vcxproj -> C:\Users\ja053157\■Workspace\Dev\libharu_Mixed_Mode_Debugging\x64\Debug\libhpdf.dll
          1 file(s) copied.
