  hpdf_3dmeasure.c
  hpdf_annotation.c
  hpdf_array.c
  hpdf_binary.c
  hpdf_boolean.c
  hpdf_catalog.c
  hpdf_destination.c
  hpdf_dict.c
  hpdf_doc.c
  hpdf_doc_png.c
  hpdf_encoder.c
C:\Users\ja053157\■Workspace\Dev\libharu_Mixed_Mode_Debugging\libharu_dll\libharu\src\hpdf_encoder.c(2766,1): warning C4244: '初期化中': 'HPDF_UINT16' から 'HPDF_BYTE' への変換です。データが失われる可能性があります。
  hpdf_encoder_cns.c
  hpdf_encoder_cnt.c
  hpdf_encoder_jp.c
  hpdf_encoder_kr.c
  hpdf_encoder_utf.c
  hpdf_encrypt.c
  hpdf_encryptdict.c
  hpdf_error.c
  hpdf_exdata.c
  コードを生成中...
  コンパイル中...
  hpdf_ext_gstate.c
  hpdf_font.c
  hpdf_fontdef.c
  hpdf_fontdef_base14.c
  hpdf_fontdef_cid.c
  hpdf_fontdef_cns.c
  hpdf_fontdef_cnt.c
  hpdf_fontdef_jp.c
  hpdf_fontdef_kr.c
  hpdf_fontdef_tt.c
  hpdf_fontdef_type1.c
  hpdf_font_cid.c
  hpdf_font_tt.c
  hpdf_font_type1.c
  hpdf_gstate.c
  hpdf_image.c
  hpdf_image_ccitt.c
  hpdf_image_png.c
C:\Users\ja053157\■Workspace\Dev\libharu_Mixed_Mode_Debugging\libharu_dll\libharu\src\hpdf_image_png.c(351,19): warning C4018: '<': signed と unsigned の数値を比較しようとしました。
  hpdf_info.c
  hpdf_list.c
  コードを生成中...
C:\Users\ja053157\■Workspace\Dev\libharu_Mixed_Mode_Debugging\libharu_dll\libharu\src\hpdf_image_png.c(289): error C4703: 初期化されていない可能性のあるローカル ポインター変数 'row' が使用されています
  コンパイル中...
  hpdf_mmgr.c
  hpdf_name.c
  hpdf_namedict.c
  hpdf_null.c
  hpdf_number.c
  hpdf_objects.c
  hpdf_outline.c
  hpdf_pages.c
  hpdf_page_label.c
  hpdf_page_operator.c
C:\Users\ja053157\■Workspace\Dev\libharu_Mixed_Mode_Debugging\libharu_dll\libharu\src\hpdf_page_operator.c(1158,79): warning C4244: '関数': 'HPDF_REAL' から 'HPDF_STATUS' への変換です。データが失われる可能性があります。
  hpdf_pdfa.c
  hpdf_real.c
  hpdf_streams.c
  hpdf_string.c
  hpdf_u3d.c
  hpdf_utils.c
  hpdf_xref.c
  コードを生成中...
