c:\users\ja053157\■workspace\dev\libharu_mixed_mode_debugging\libharu_dll\debug\vc142.pdb
c:\users\ja053157\■workspace\dev\libharu_mixed_mode_debugging\libharu_dll\debug\vc142.idb
c:\users\ja053157\■workspace\dev\libharu_mixed_mode_debugging\libharu_dll\debug\hpdf_exdata.obj
c:\users\ja053157\■workspace\dev\libharu_mixed_mode_debugging\libharu_dll\debug\hpdf_error.obj
c:\users\ja053157\■workspace\dev\libharu_mixed_mode_debugging\libharu_dll\debug\hpdf_encryptdict.obj
c:\users\ja053157\■workspace\dev\libharu_mixed_mode_debugging\libharu_dll\debug\hpdf_encrypt.obj
c:\users\ja053157\■workspace\dev\libharu_mixed_mode_debugging\libharu_dll\debug\hpdf_encoder_utf.obj
c:\users\ja053157\■workspace\dev\libharu_mixed_mode_debugging\libharu_dll\debug\hpdf_encoder_kr.obj
c:\users\ja053157\■workspace\dev\libharu_mixed_mode_debugging\libharu_dll\debug\hpdf_encoder_jp.obj
c:\users\ja053157\■workspace\dev\libharu_mixed_mode_debugging\libharu_dll\debug\hpdf_encoder_cnt.obj
c:\users\ja053157\■workspace\dev\libharu_mixed_mode_debugging\libharu_dll\debug\hpdf_encoder_cns.obj
c:\users\ja053157\■workspace\dev\libharu_mixed_mode_debugging\libharu_dll\debug\hpdf_encoder.obj
c:\users\ja053157\■workspace\dev\libharu_mixed_mode_debugging\libharu_dll\debug\hpdf_doc_png.obj
c:\users\ja053157\■workspace\dev\libharu_mixed_mode_debugging\libharu_dll\debug\hpdf_doc.obj
c:\users\ja053157\■workspace\dev\libharu_mixed_mode_debugging\libharu_dll\debug\hpdf_dict.obj
c:\users\ja053157\■workspace\dev\libharu_mixed_mode_debugging\libharu_dll\debug\hpdf_destination.obj
c:\users\ja053157\■workspace\dev\libharu_mixed_mode_debugging\libharu_dll\debug\hpdf_catalog.obj
c:\users\ja053157\■workspace\dev\libharu_mixed_mode_debugging\libharu_dll\debug\hpdf_boolean.obj
c:\users\ja053157\■workspace\dev\libharu_mixed_mode_debugging\libharu_dll\debug\hpdf_binary.obj
c:\users\ja053157\■workspace\dev\libharu_mixed_mode_debugging\libharu_dll\debug\hpdf_array.obj
c:\users\ja053157\■workspace\dev\libharu_mixed_mode_debugging\libharu_dll\debug\hpdf_annotation.obj
c:\users\ja053157\■workspace\dev\libharu_mixed_mode_debugging\libharu_dll\debug\hpdf_3dmeasure.obj
c:\users\ja053157\■workspace\dev\libharu_mixed_mode_debugging\libharu_dll\debug\hpdf_list.obj
c:\users\ja053157\■workspace\dev\libharu_mixed_mode_debugging\libharu_dll\debug\hpdf_info.obj
c:\users\ja053157\■workspace\dev\libharu_mixed_mode_debugging\libharu_dll\debug\hpdf_image_ccitt.obj
c:\users\ja053157\■workspace\dev\libharu_mixed_mode_debugging\libharu_dll\debug\hpdf_image.obj
c:\users\ja053157\■workspace\dev\libharu_mixed_mode_debugging\libharu_dll\debug\hpdf_gstate.obj
c:\users\ja053157\■workspace\dev\libharu_mixed_mode_debugging\libharu_dll\debug\hpdf_font_type1.obj
c:\users\ja053157\■workspace\dev\libharu_mixed_mode_debugging\libharu_dll\debug\hpdf_font_tt.obj
c:\users\ja053157\■workspace\dev\libharu_mixed_mode_debugging\libharu_dll\debug\hpdf_font_cid.obj
c:\users\ja053157\■workspace\dev\libharu_mixed_mode_debugging\libharu_dll\debug\hpdf_fontdef_type1.obj
c:\users\ja053157\■workspace\dev\libharu_mixed_mode_debugging\libharu_dll\debug\hpdf_fontdef_tt.obj
c:\users\ja053157\■workspace\dev\libharu_mixed_mode_debugging\libharu_dll\debug\hpdf_fontdef_kr.obj
c:\users\ja053157\■workspace\dev\libharu_mixed_mode_debugging\libharu_dll\debug\hpdf_fontdef_jp.obj
c:\users\ja053157\■workspace\dev\libharu_mixed_mode_debugging\libharu_dll\debug\hpdf_fontdef_cnt.obj
c:\users\ja053157\■workspace\dev\libharu_mixed_mode_debugging\libharu_dll\debug\hpdf_fontdef_cns.obj
c:\users\ja053157\■workspace\dev\libharu_mixed_mode_debugging\libharu_dll\debug\hpdf_fontdef_cid.obj
c:\users\ja053157\■workspace\dev\libharu_mixed_mode_debugging\libharu_dll\debug\hpdf_fontdef_base14.obj
c:\users\ja053157\■workspace\dev\libharu_mixed_mode_debugging\libharu_dll\debug\hpdf_fontdef.obj
c:\users\ja053157\■workspace\dev\libharu_mixed_mode_debugging\libharu_dll\debug\hpdf_font.obj
c:\users\ja053157\■workspace\dev\libharu_mixed_mode_debugging\libharu_dll\debug\hpdf_ext_gstate.obj
c:\users\ja053157\■workspace\dev\libharu_mixed_mode_debugging\libharu_dll\debug\hpdf_xref.obj
c:\users\ja053157\■workspace\dev\libharu_mixed_mode_debugging\libharu_dll\debug\hpdf_utils.obj
c:\users\ja053157\■workspace\dev\libharu_mixed_mode_debugging\libharu_dll\debug\hpdf_u3d.obj
c:\users\ja053157\■workspace\dev\libharu_mixed_mode_debugging\libharu_dll\debug\hpdf_string.obj
c:\users\ja053157\■workspace\dev\libharu_mixed_mode_debugging\libharu_dll\debug\hpdf_streams.obj
c:\users\ja053157\■workspace\dev\libharu_mixed_mode_debugging\libharu_dll\debug\hpdf_real.obj
c:\users\ja053157\■workspace\dev\libharu_mixed_mode_debugging\libharu_dll\debug\hpdf_pdfa.obj
c:\users\ja053157\■workspace\dev\libharu_mixed_mode_debugging\libharu_dll\debug\hpdf_page_operator.obj
c:\users\ja053157\■workspace\dev\libharu_mixed_mode_debugging\libharu_dll\debug\hpdf_page_label.obj
c:\users\ja053157\■workspace\dev\libharu_mixed_mode_debugging\libharu_dll\debug\hpdf_pages.obj
c:\users\ja053157\■workspace\dev\libharu_mixed_mode_debugging\libharu_dll\debug\hpdf_outline.obj
c:\users\ja053157\■workspace\dev\libharu_mixed_mode_debugging\libharu_dll\debug\hpdf_objects.obj
c:\users\ja053157\■workspace\dev\libharu_mixed_mode_debugging\libharu_dll\debug\hpdf_number.obj
c:\users\ja053157\■workspace\dev\libharu_mixed_mode_debugging\libharu_dll\debug\hpdf_null.obj
c:\users\ja053157\■workspace\dev\libharu_mixed_mode_debugging\libharu_dll\debug\hpdf_namedict.obj
c:\users\ja053157\■workspace\dev\libharu_mixed_mode_debugging\libharu_dll\debug\hpdf_name.obj
c:\users\ja053157\■workspace\dev\libharu_mixed_mode_debugging\libharu_dll\debug\hpdf_mmgr.obj
c:\users\ja053157\■workspace\dev\libharu_mixed_mode_debugging\libharu_dll\debug\libhpdf.tlog\cl.command.1.tlog
c:\users\ja053157\■workspace\dev\libharu_mixed_mode_debugging\libharu_dll\debug\libhpdf.tlog\cl.read.1.tlog
c:\users\ja053157\■workspace\dev\libharu_mixed_mode_debugging\libharu_dll\debug\libhpdf.tlog\cl.write.1.tlog
