c:\users\ja053157\■workspace\dev\libharu_mixed_mode_debugging\libharu_dll\x64\release\vc142.pdb
c:\users\ja053157\■workspace\dev\libharu_mixed_mode_debugging\libharu_dll\x64\release\hpdf_exdata.obj
c:\users\ja053157\■workspace\dev\libharu_mixed_mode_debugging\libharu_dll\x64\release\hpdf_error.obj
c:\users\ja053157\■workspace\dev\libharu_mixed_mode_debugging\libharu_dll\x64\release\hpdf_encryptdict.obj
c:\users\ja053157\■workspace\dev\libharu_mixed_mode_debugging\libharu_dll\x64\release\hpdf_encrypt.obj
c:\users\ja053157\■workspace\dev\libharu_mixed_mode_debugging\libharu_dll\x64\release\hpdf_encoder_utf.obj
c:\users\ja053157\■workspace\dev\libharu_mixed_mode_debugging\libharu_dll\x64\release\hpdf_encoder_kr.obj
c:\users\ja053157\■workspace\dev\libharu_mixed_mode_debugging\libharu_dll\x64\release\hpdf_encoder_jp.obj
c:\users\ja053157\■workspace\dev\libharu_mixed_mode_debugging\libharu_dll\x64\release\hpdf_encoder_cnt.obj
c:\users\ja053157\■workspace\dev\libharu_mixed_mode_debugging\libharu_dll\x64\release\hpdf_encoder_cns.obj
c:\users\ja053157\■workspace\dev\libharu_mixed_mode_debugging\libharu_dll\x64\release\hpdf_encoder.obj
c:\users\ja053157\■workspace\dev\libharu_mixed_mode_debugging\libharu_dll\x64\release\hpdf_doc_png.obj
c:\users\ja053157\■workspace\dev\libharu_mixed_mode_debugging\libharu_dll\x64\release\hpdf_doc.obj
c:\users\ja053157\■workspace\dev\libharu_mixed_mode_debugging\libharu_dll\x64\release\hpdf_dict.obj
c:\users\ja053157\■workspace\dev\libharu_mixed_mode_debugging\libharu_dll\x64\release\hpdf_destination.obj
c:\users\ja053157\■workspace\dev\libharu_mixed_mode_debugging\libharu_dll\x64\release\hpdf_catalog.obj
c:\users\ja053157\■workspace\dev\libharu_mixed_mode_debugging\libharu_dll\x64\release\hpdf_boolean.obj
c:\users\ja053157\■workspace\dev\libharu_mixed_mode_debugging\libharu_dll\x64\release\hpdf_binary.obj
c:\users\ja053157\■workspace\dev\libharu_mixed_mode_debugging\libharu_dll\x64\release\hpdf_array.obj
c:\users\ja053157\■workspace\dev\libharu_mixed_mode_debugging\libharu_dll\x64\release\hpdf_annotation.obj
c:\users\ja053157\■workspace\dev\libharu_mixed_mode_debugging\libharu_dll\x64\release\hpdf_3dmeasure.obj
c:\users\ja053157\■workspace\dev\libharu_mixed_mode_debugging\libharu_dll\x64\release\hpdf_list.obj
c:\users\ja053157\■workspace\dev\libharu_mixed_mode_debugging\libharu_dll\x64\release\hpdf_info.obj
c:\users\ja053157\■workspace\dev\libharu_mixed_mode_debugging\libharu_dll\x64\release\hpdf_image_png.obj
c:\users\ja053157\■workspace\dev\libharu_mixed_mode_debugging\libharu_dll\x64\release\hpdf_image_ccitt.obj
c:\users\ja053157\■workspace\dev\libharu_mixed_mode_debugging\libharu_dll\x64\release\hpdf_image.obj
c:\users\ja053157\■workspace\dev\libharu_mixed_mode_debugging\libharu_dll\x64\release\hpdf_gstate.obj
c:\users\ja053157\■workspace\dev\libharu_mixed_mode_debugging\libharu_dll\x64\release\hpdf_font_type1.obj
c:\users\ja053157\■workspace\dev\libharu_mixed_mode_debugging\libharu_dll\x64\release\hpdf_font_tt.obj
c:\users\ja053157\■workspace\dev\libharu_mixed_mode_debugging\libharu_dll\x64\release\hpdf_font_cid.obj
c:\users\ja053157\■workspace\dev\libharu_mixed_mode_debugging\libharu_dll\x64\release\hpdf_fontdef_type1.obj
c:\users\ja053157\■workspace\dev\libharu_mixed_mode_debugging\libharu_dll\x64\release\hpdf_fontdef_tt.obj
c:\users\ja053157\■workspace\dev\libharu_mixed_mode_debugging\libharu_dll\x64\release\hpdf_fontdef_kr.obj
c:\users\ja053157\■workspace\dev\libharu_mixed_mode_debugging\libharu_dll\x64\release\hpdf_fontdef_jp.obj
c:\users\ja053157\■workspace\dev\libharu_mixed_mode_debugging\libharu_dll\x64\release\hpdf_fontdef_cnt.obj
c:\users\ja053157\■workspace\dev\libharu_mixed_mode_debugging\libharu_dll\x64\release\hpdf_fontdef_cns.obj
c:\users\ja053157\■workspace\dev\libharu_mixed_mode_debugging\libharu_dll\x64\release\hpdf_fontdef_cid.obj
c:\users\ja053157\■workspace\dev\libharu_mixed_mode_debugging\libharu_dll\x64\release\hpdf_fontdef_base14.obj
c:\users\ja053157\■workspace\dev\libharu_mixed_mode_debugging\libharu_dll\x64\release\hpdf_fontdef.obj
c:\users\ja053157\■workspace\dev\libharu_mixed_mode_debugging\libharu_dll\x64\release\hpdf_font.obj
c:\users\ja053157\■workspace\dev\libharu_mixed_mode_debugging\libharu_dll\x64\release\hpdf_ext_gstate.obj
c:\users\ja053157\■workspace\dev\libharu_mixed_mode_debugging\libharu_dll\x64\release\hpdf_xref.obj
c:\users\ja053157\■workspace\dev\libharu_mixed_mode_debugging\libharu_dll\x64\release\hpdf_utils.obj
c:\users\ja053157\■workspace\dev\libharu_mixed_mode_debugging\libharu_dll\x64\release\hpdf_u3d.obj
c:\users\ja053157\■workspace\dev\libharu_mixed_mode_debugging\libharu_dll\x64\release\hpdf_string.obj
c:\users\ja053157\■workspace\dev\libharu_mixed_mode_debugging\libharu_dll\x64\release\hpdf_streams.obj
c:\users\ja053157\■workspace\dev\libharu_mixed_mode_debugging\libharu_dll\x64\release\hpdf_real.obj
c:\users\ja053157\■workspace\dev\libharu_mixed_mode_debugging\libharu_dll\x64\release\hpdf_pdfa.obj
c:\users\ja053157\■workspace\dev\libharu_mixed_mode_debugging\libharu_dll\x64\release\hpdf_page_operator.obj
c:\users\ja053157\■workspace\dev\libharu_mixed_mode_debugging\libharu_dll\x64\release\hpdf_page_label.obj
c:\users\ja053157\■workspace\dev\libharu_mixed_mode_debugging\libharu_dll\x64\release\hpdf_pages.obj
c:\users\ja053157\■workspace\dev\libharu_mixed_mode_debugging\libharu_dll\x64\release\hpdf_outline.obj
c:\users\ja053157\■workspace\dev\libharu_mixed_mode_debugging\libharu_dll\x64\release\hpdf_objects.obj
c:\users\ja053157\■workspace\dev\libharu_mixed_mode_debugging\libharu_dll\x64\release\hpdf_number.obj
c:\users\ja053157\■workspace\dev\libharu_mixed_mode_debugging\libharu_dll\x64\release\hpdf_null.obj
c:\users\ja053157\■workspace\dev\libharu_mixed_mode_debugging\libharu_dll\x64\release\hpdf_namedict.obj
c:\users\ja053157\■workspace\dev\libharu_mixed_mode_debugging\libharu_dll\x64\release\hpdf_name.obj
c:\users\ja053157\■workspace\dev\libharu_mixed_mode_debugging\libharu_dll\x64\release\hpdf_mmgr.obj
c:\users\ja053157\■workspace\dev\libharu_mixed_mode_debugging\libharu_dll\x64\release\libharu_vs.obj
c:\users\ja053157\■workspace\dev\libharu_mixed_mode_debugging\x64\release\libhpdf.lib
c:\users\ja053157\■workspace\dev\libharu_mixed_mode_debugging\x64\release\libhpdf.exp
c:\users\ja053157\■workspace\dev\libharu_mixed_mode_debugging\x64\release\libhpdf.ipdb
c:\users\ja053157\■workspace\dev\libharu_mixed_mode_debugging\x64\release\libhpdf.iobj
c:\users\ja053157\■workspace\dev\libharu_mixed_mode_debugging\x64\release\libhpdf.dll
c:\users\ja053157\■workspace\dev\libharu_mixed_mode_debugging\x64\release\libhpdf.pdb
c:\users\ja053157\■workspace\dev\libharu_mixed_mode_debugging\libharu_dll\x64\release\libhpdf.res
c:\users\ja053157\■workspace\dev\libharu_mixed_mode_debugging\libharu_dll\x64\release\libhpdf.tlog\cl.command.1.tlog
c:\users\ja053157\■workspace\dev\libharu_mixed_mode_debugging\libharu_dll\x64\release\libhpdf.tlog\cl.read.1.tlog
c:\users\ja053157\■workspace\dev\libharu_mixed_mode_debugging\libharu_dll\x64\release\libhpdf.tlog\cl.write.1.tlog
c:\users\ja053157\■workspace\dev\libharu_mixed_mode_debugging\libharu_dll\x64\release\libhpdf.tlog\libhpdf.write.1u.tlog
c:\users\ja053157\■workspace\dev\libharu_mixed_mode_debugging\libharu_dll\x64\release\libhpdf.tlog\link.command.1.tlog
c:\users\ja053157\■workspace\dev\libharu_mixed_mode_debugging\libharu_dll\x64\release\libhpdf.tlog\link.read.1.tlog
c:\users\ja053157\■workspace\dev\libharu_mixed_mode_debugging\libharu_dll\x64\release\libhpdf.tlog\link.write.1.tlog
c:\users\ja053157\■workspace\dev\libharu_mixed_mode_debugging\libharu_dll\x64\release\libhpdf.tlog\rc.command.1.tlog
c:\users\ja053157\■workspace\dev\libharu_mixed_mode_debugging\libharu_dll\x64\release\libhpdf.tlog\rc.read.1.tlog
c:\users\ja053157\■workspace\dev\libharu_mixed_mode_debugging\libharu_dll\x64\release\libhpdf.tlog\rc.write.1.tlog
